2021-12-08 00:33:21,188 INFO org.springframework.boot.StartupInfoLogger [restartedMain] Starting DigitalOfficeBackendApplication using Java 14.0.2 on HuyND with PID 4356 (C:\Spring tool\source\digital-office-backend\target\classes started by pytha in C:\Spring tool\source\digital-office-backend)
2021-12-08 00:33:21,190 DEBUG org.springframework.boot.StartupInfoLogger [restartedMain] Running with Spring Boot v2.5.6, Spring v5.3.12
2021-12-08 00:33:21,191 INFO org.springframework.boot.SpringApplication [restartedMain] No active profile set, falling back to default profiles: default
2021-12-08 00:33:21,264 INFO org.springframework.boot.logging.DeferredLog [restartedMain] The Class-Path manifest attribute in C:\Users\pytha\.m2\repository\com\sun\xml\bind\jaxb-core\2.3.0.1\jaxb-core-2.3.0.1.jar referenced one or more files that do not exist: file:/C:/Users/pytha/.m2/repository/com/sun/xml/bind/jaxb-core/2.3.0.1/jaxb-api.jar
2021-12-08 00:33:21,265 INFO org.springframework.boot.logging.DeferredLog [restartedMain] The Class-Path manifest attribute in C:\Users\pytha\.m2\repository\com\sun\xml\bind\jaxb-impl\2.3.1\jaxb-impl-2.3.1.jar referenced one or more files that do not exist: file:/C:/Users/pytha/.m2/repository/com/sun/xml/bind/jaxb-impl/2.3.1/jaxb-runtime-2.3.1.jar,file:/C:/Users/pytha/.m2/repository/com/sun/xml/bind/jaxb-impl/2.3.1/txw2-2.3.1.jar,file:/C:/Users/pytha/.m2/repository/com/sun/xml/bind/jaxb-impl/2.3.1/istack-commons-runtime-3.0.7.jar,file:/C:/Users/pytha/.m2/repository/com/sun/xml/bind/jaxb-impl/2.3.1/stax-ex-1.8.jar,file:/C:/Users/pytha/.m2/repository/com/sun/xml/bind/jaxb-impl/2.3.1/FastInfoset-1.2.15.jar,file:/C:/Users/pytha/.m2/repository/com/sun/xml/bind/jaxb-impl/2.3.1/javax.activation-api-1.2.0.jar
2021-12-08 00:33:21,266 INFO org.springframework.boot.logging.DeferredLog [restartedMain] Devtools property defaults active! Set 'spring.devtools.add-properties' to 'false' to disable
2021-12-08 00:33:21,266 INFO org.springframework.boot.logging.DeferredLog [restartedMain] For additional web related logging consider setting the 'logging.level.web' property to 'DEBUG'
2021-12-08 00:33:22,506 INFO org.springframework.data.repository.config.RepositoryConfigurationDelegate [restartedMain] Multiple Spring Data modules found, entering strict repository configuration mode!
2021-12-08 00:33:22,508 INFO org.springframework.data.repository.config.RepositoryConfigurationDelegate [restartedMain] Bootstrapping Spring Data MongoDB repositories in DEFAULT mode.
2021-12-08 00:33:22,525 INFO org.springframework.data.repository.config.RepositoryConfigurationDelegate [restartedMain] Finished Spring Data repository scanning in 10 ms. Found 0 MongoDB repository interfaces.
2021-12-08 00:33:22,848 INFO org.springframework.data.repository.config.RepositoryConfigurationDelegate [restartedMain] Multiple Spring Data modules found, entering strict repository configuration mode!
2021-12-08 00:33:22,850 INFO org.springframework.data.repository.config.RepositoryConfigurationDelegate [restartedMain] Bootstrapping Spring Data Redis repositories in DEFAULT mode.
2021-12-08 00:33:22,903 INFO org.springframework.data.repository.config.RepositoryConfigurationDelegate [restartedMain] Finished Spring Data repository scanning in 37 ms. Found 0 Redis repository interfaces.
2021-12-08 00:33:23,362 INFO org.springframework.context.support.PostProcessorRegistrationDelegate$BeanPostProcessorChecker [restartedMain] Bean 'org.springframework.security.access.expression.method.DefaultMethodSecurityExpressionHandler@1ca01923' of type [org.springframework.security.access.expression.method.DefaultMethodSecurityExpressionHandler] is not eligible for getting processed by all BeanPostProcessors (for example: not eligible for auto-proxying)
2021-12-08 00:33:23,368 INFO org.springframework.context.support.PostProcessorRegistrationDelegate$BeanPostProcessorChecker [restartedMain] Bean 'methodSecurityMetadataSource' of type [org.springframework.security.access.method.DelegatingMethodSecurityMetadataSource] is not eligible for getting processed by all BeanPostProcessors (for example: not eligible for auto-proxying)
2021-12-08 00:33:24,012 INFO org.springframework.boot.web.embedded.tomcat.TomcatWebServer [restartedMain] Tomcat initialized with port(s): 8091 (http)
2021-12-08 00:33:24,025 INFO org.apache.juli.logging.DirectJDKLog [restartedMain] Initializing ProtocolHandler ["http-nio-8091"]
2021-12-08 00:33:24,026 INFO org.apache.juli.logging.DirectJDKLog [restartedMain] Starting service [Tomcat]
2021-12-08 00:33:24,026 INFO org.apache.juli.logging.DirectJDKLog [restartedMain] Starting Servlet engine: [Apache Tomcat/9.0.54]
2021-12-08 00:33:24,139 INFO org.apache.juli.logging.DirectJDKLog [restartedMain] Initializing Spring embedded WebApplicationContext
2021-12-08 00:33:24,140 INFO org.springframework.boot.web.servlet.context.ServletWebServerApplicationContext [restartedMain] Root WebApplicationContext: initialization completed in 2873 ms
2021-12-08 00:33:24,266 INFO com.mongodb.diagnostics.logging.SLF4JLogger [restartedMain] Cluster created with settings {hosts=[178.128.19.31:27017], mode=SINGLE, requiredClusterType=UNKNOWN, serverSelectionTimeout='30000 ms'}
2021-12-08 00:33:24,444 INFO com.mongodb.diagnostics.logging.SLF4JLogger [cluster-ClusterId{value='61af9ae4998df01951aee984', description='null'}-178.128.19.31:27017] Opened connection [connectionId{localValue:1, serverValue:8154}] to 178.128.19.31:27017
2021-12-08 00:33:24,446 INFO com.mongodb.diagnostics.logging.SLF4JLogger [cluster-rtt-ClusterId{value='61af9ae4998df01951aee984', description='null'}-178.128.19.31:27017] Opened connection [connectionId{localValue:2, serverValue:8155}] to 178.128.19.31:27017
2021-12-08 00:33:24,447 INFO com.mongodb.diagnostics.logging.SLF4JLogger [cluster-ClusterId{value='61af9ae4998df01951aee984', description='null'}-178.128.19.31:27017] Monitor thread successfully connected to server with description ServerDescription{address=178.128.19.31:27017, type=REPLICA_SET_PRIMARY, state=CONNECTED, ok=true, minWireVersion=0, maxWireVersion=9, maxDocumentSize=16777216, logicalSessionTimeoutMinutes=30, roundTripTimeNanos=77551600, setName='reps0', canonicalAddress=127.0.0.1:27017, hosts=[127.0.0.1:27017], passives=[], arbiters=[], primary='127.0.0.1:27017', tagSet=TagSet{[]}, electionId=7fffffff000000000000000e, setVersion=1, topologyVersion=TopologyVersion{processId=61824065b32f7a93cc0ee417, counter=6}, lastWriteDate=Wed Dec 08 00:33:23 ICT 2021, lastUpdateTimeNanos=397094131564300}
2021-12-08 00:33:24,981 DEBUG org.springframework.web.filter.GenericFilterBean [restartedMain] Filter 'jwtTokenFilter' configured for use
2021-12-08 00:33:25,998 INFO org.springframework.security.web.DefaultSecurityFilterChain [restartedMain] Will secure any request with [org.springframework.security.web.context.request.async.WebAsyncManagerIntegrationFilter@fb7e506, org.springframework.security.web.context.SecurityContextPersistenceFilter@70a31c84, org.springframework.security.web.header.HeaderWriterFilter@59fd21bd, org.springframework.web.filter.CorsFilter@2b0a00c5, org.springframework.security.web.csrf.CsrfFilter@3ccb2eaa, org.springframework.security.web.authentication.logout.LogoutFilter@595913bf, com.datn.doffice.config.security.JwtTokenFilter@468455a8, org.springframework.security.web.savedrequest.RequestCacheAwareFilter@79d58628, org.springframework.security.web.servletapi.SecurityContextHolderAwareRequestFilter@38466577, org.springframework.security.web.authentication.AnonymousAuthenticationFilter@6f6decf1, org.springframework.security.web.session.SessionManagementFilter@6ce884fa, org.springframework.security.web.access.ExceptionTranslationFilter@1f458333]
2021-12-08 00:33:26,571 INFO org.springframework.boot.devtools.autoconfigure.OptionalLiveReloadServer [restartedMain] LiveReload server is running on port 35729
2021-12-08 00:33:26,603 INFO org.apache.juli.logging.DirectJDKLog [restartedMain] Starting ProtocolHandler ["http-nio-8091"]
2021-12-08 00:33:26,631 INFO org.springframework.boot.web.embedded.tomcat.TomcatWebServer [restartedMain] Tomcat started on port(s): 8091 (http) with context path ''
2021-12-08 00:33:26,646 INFO org.springframework.boot.StartupInfoLogger [restartedMain] Started DigitalOfficeBackendApplication in 6.134 seconds (JVM running for 7.825)
2021-12-08 00:35:38,792 INFO org.apache.juli.logging.DirectJDKLog [http-nio-8091-exec-1] Initializing Spring DispatcherServlet 'dispatcherServlet'
2021-12-08 00:35:38,792 INFO org.springframework.web.servlet.FrameworkServlet [http-nio-8091-exec-1] Initializing Servlet 'dispatcherServlet'
2021-12-08 00:35:38,794 INFO org.springframework.web.servlet.FrameworkServlet [http-nio-8091-exec-1] Completed initialization in 2 ms
2021-12-08 00:35:39,405 INFO com.mongodb.diagnostics.logging.SLF4JLogger [http-nio-8091-exec-2] Opened connection [connectionId{localValue:3, serverValue:8156}] to 178.128.19.31:27017
2021-12-08 00:35:42,362 INFO com.mongodb.diagnostics.logging.SLF4JLogger [http-nio-8091-exec-9] Opened connection [connectionId{localValue:5, serverValue:8159}] to 178.128.19.31:27017
2021-12-08 00:35:42,373 INFO com.mongodb.diagnostics.logging.SLF4JLogger [http-nio-8091-exec-10] Opened connection [connectionId{localValue:6, serverValue:8157}] to 178.128.19.31:27017
2021-12-08 00:35:42,386 INFO com.mongodb.diagnostics.logging.SLF4JLogger [http-nio-8091-exec-8] Opened connection [connectionId{localValue:4, serverValue:8158}] to 178.128.19.31:27017
2021-12-08 00:38:59,036 INFO com.mongodb.diagnostics.logging.SLF4JLogger [http-nio-8091-exec-6] Opened connection [connectionId{localValue:7, serverValue:8161}] to 178.128.19.31:27017
2021-12-08 00:38:59,050 INFO com.mongodb.diagnostics.logging.SLF4JLogger [http-nio-8091-exec-4] Opened connection [connectionId{localValue:8, serverValue:8160}] to 178.128.19.31:27017
2021-12-08 02:05:27,322 INFO org.springframework.boot.admin.SpringApplicationAdminMXBeanRegistrar$SpringApplicationAdmin [RMI TCP Connection(101)-127.0.0.1] Application shutdown requested.
2021-12-08 14:50:07,455 INFO org.springframework.boot.StartupInfoLogger [restartedMain] Starting DigitalOfficeBackendApplication using Java 14.0.2 on HuyND with PID 8356 (C:\Spring tool\source\digital-office-backend\target\classes started by pytha in C:\Spring tool\source\digital-office-backend)
2021-12-08 14:50:07,457 DEBUG org.springframework.boot.StartupInfoLogger [restartedMain] Running with Spring Boot v2.5.6, Spring v5.3.12
2021-12-08 14:50:07,458 INFO org.springframework.boot.SpringApplication [restartedMain] No active profile set, falling back to default profiles: default
2021-12-08 14:50:07,557 INFO org.springframework.boot.logging.DeferredLog [restartedMain] The Class-Path manifest attribute in C:\Users\pytha\.m2\repository\com\sun\xml\bind\jaxb-core\2.3.0.1\jaxb-core-2.3.0.1.jar referenced one or more files that do not exist: file:/C:/Users/pytha/.m2/repository/com/sun/xml/bind/jaxb-core/2.3.0.1/jaxb-api.jar
2021-12-08 14:50:07,557 INFO org.springframework.boot.logging.DeferredLog [restartedMain] The Class-Path manifest attribute in C:\Users\pytha\.m2\repository\com\sun\xml\bind\jaxb-impl\2.3.1\jaxb-impl-2.3.1.jar referenced one or more files that do not exist: file:/C:/Users/pytha/.m2/repository/com/sun/xml/bind/jaxb-impl/2.3.1/jaxb-runtime-2.3.1.jar,file:/C:/Users/pytha/.m2/repository/com/sun/xml/bind/jaxb-impl/2.3.1/txw2-2.3.1.jar,file:/C:/Users/pytha/.m2/repository/com/sun/xml/bind/jaxb-impl/2.3.1/istack-commons-runtime-3.0.7.jar,file:/C:/Users/pytha/.m2/repository/com/sun/xml/bind/jaxb-impl/2.3.1/stax-ex-1.8.jar,file:/C:/Users/pytha/.m2/repository/com/sun/xml/bind/jaxb-impl/2.3.1/FastInfoset-1.2.15.jar,file:/C:/Users/pytha/.m2/repository/com/sun/xml/bind/jaxb-impl/2.3.1/javax.activation-api-1.2.0.jar
2021-12-08 14:50:07,558 INFO org.springframework.boot.logging.DeferredLog [restartedMain] Devtools property defaults active! Set 'spring.devtools.add-properties' to 'false' to disable
2021-12-08 14:50:07,559 INFO org.springframework.boot.logging.DeferredLog [restartedMain] For additional web related logging consider setting the 'logging.level.web' property to 'DEBUG'
2021-12-08 14:50:10,407 INFO org.springframework.data.repository.config.RepositoryConfigurationDelegate [restartedMain] Multiple Spring Data modules found, entering strict repository configuration mode!
2021-12-08 14:50:10,409 INFO org.springframework.data.repository.config.RepositoryConfigurationDelegate [restartedMain] Bootstrapping Spring Data MongoDB repositories in DEFAULT mode.
2021-12-08 14:50:10,436 INFO org.springframework.data.repository.config.RepositoryConfigurationDelegate [restartedMain] Finished Spring Data repository scanning in 17 ms. Found 0 MongoDB repository interfaces.
2021-12-08 14:50:11,159 INFO org.springframework.data.repository.config.RepositoryConfigurationDelegate [restartedMain] Multiple Spring Data modules found, entering strict repository configuration mode!
2021-12-08 14:50:11,161 INFO org.springframework.data.repository.config.RepositoryConfigurationDelegate [restartedMain] Bootstrapping Spring Data Redis repositories in DEFAULT mode.
2021-12-08 14:50:11,203 INFO org.springframework.data.repository.config.RepositoryConfigurationDelegate [restartedMain] Finished Spring Data repository scanning in 30 ms. Found 0 Redis repository interfaces.
2021-12-08 14:50:11,684 INFO org.springframework.context.support.PostProcessorRegistrationDelegate$BeanPostProcessorChecker [restartedMain] Bean 'org.springframework.security.access.expression.method.DefaultMethodSecurityExpressionHandler@58409b12' of type [org.springframework.security.access.expression.method.DefaultMethodSecurityExpressionHandler] is not eligible for getting processed by all BeanPostProcessors (for example: not eligible for auto-proxying)
2021-12-08 14:50:11,690 INFO org.springframework.context.support.PostProcessorRegistrationDelegate$BeanPostProcessorChecker [restartedMain] Bean 'methodSecurityMetadataSource' of type [org.springframework.security.access.method.DelegatingMethodSecurityMetadataSource] is not eligible for getting processed by all BeanPostProcessors (for example: not eligible for auto-proxying)
2021-12-08 14:50:12,377 INFO org.springframework.boot.web.embedded.tomcat.TomcatWebServer [restartedMain] Tomcat initialized with port(s): 8091 (http)
2021-12-08 14:50:12,391 INFO org.apache.juli.logging.DirectJDKLog [restartedMain] Initializing ProtocolHandler ["http-nio-8091"]
2021-12-08 14:50:12,392 INFO org.apache.juli.logging.DirectJDKLog [restartedMain] Starting service [Tomcat]
2021-12-08 14:50:12,392 INFO org.apache.juli.logging.DirectJDKLog [restartedMain] Starting Servlet engine: [Apache Tomcat/9.0.54]
2021-12-08 14:50:12,543 INFO org.apache.juli.logging.DirectJDKLog [restartedMain] Initializing Spring embedded WebApplicationContext
2021-12-08 14:50:12,544 INFO org.springframework.boot.web.servlet.context.ServletWebServerApplicationContext [restartedMain] Root WebApplicationContext: initialization completed in 4984 ms
2021-12-08 14:50:12,687 INFO com.mongodb.diagnostics.logging.SLF4JLogger [restartedMain] Cluster created with settings {hosts=[178.128.19.31:27017], mode=SINGLE, requiredClusterType=UNKNOWN, serverSelectionTimeout='30000 ms'}
2021-12-08 14:50:12,995 INFO com.mongodb.diagnostics.logging.SLF4JLogger [cluster-ClusterId{value='61b063b4b647c86d9792d06e', description='null'}-178.128.19.31:27017] Opened connection [connectionId{localValue:2, serverValue:8188}] to 178.128.19.31:27017
2021-12-08 14:50:12,995 INFO com.mongodb.diagnostics.logging.SLF4JLogger [cluster-rtt-ClusterId{value='61b063b4b647c86d9792d06e', description='null'}-178.128.19.31:27017] Opened connection [connectionId{localValue:1, serverValue:8189}] to 178.128.19.31:27017
2021-12-08 14:50:12,996 INFO com.mongodb.diagnostics.logging.SLF4JLogger [cluster-ClusterId{value='61b063b4b647c86d9792d06e', description='null'}-178.128.19.31:27017] Monitor thread successfully connected to server with description ServerDescription{address=178.128.19.31:27017, type=REPLICA_SET_PRIMARY, state=CONNECTED, ok=true, minWireVersion=0, maxWireVersion=9, maxDocumentSize=16777216, logicalSessionTimeoutMinutes=30, roundTripTimeNanos=109094800, setName='reps0', canonicalAddress=127.0.0.1:27017, hosts=[127.0.0.1:27017], passives=[], arbiters=[], primary='127.0.0.1:27017', tagSet=TagSet{[]}, electionId=7fffffff000000000000000e, setVersion=1, topologyVersion=TopologyVersion{processId=61824065b32f7a93cc0ee417, counter=6}, lastWriteDate=Wed Dec 08 14:50:05 ICT 2021, lastUpdateTimeNanos=448506960071700}
2021-12-08 14:50:13,443 DEBUG org.springframework.web.filter.GenericFilterBean [restartedMain] Filter 'jwtTokenFilter' configured for use
2021-12-08 14:50:15,001 INFO org.springframework.security.web.DefaultSecurityFilterChain [restartedMain] Will secure any request with [org.springframework.security.web.context.request.async.WebAsyncManagerIntegrationFilter@320e7627, org.springframework.security.web.context.SecurityContextPersistenceFilter@56c3052a, org.springframework.security.web.header.HeaderWriterFilter@4c282fa5, org.springframework.web.filter.CorsFilter@2e2764ec, org.springframework.security.web.csrf.CsrfFilter@3d4bb128, org.springframework.security.web.authentication.logout.LogoutFilter@77012179, com.datn.doffice.config.security.JwtTokenFilter@60da50ac, org.springframework.security.web.savedrequest.RequestCacheAwareFilter@42dd7170, org.springframework.security.web.servletapi.SecurityContextHolderAwareRequestFilter@a87af11, org.springframework.security.web.authentication.AnonymousAuthenticationFilter@623a35b8, org.springframework.security.web.session.SessionManagementFilter@674f93f5, org.springframework.security.web.access.ExceptionTranslationFilter@46909996]
2021-12-08 14:50:15,776 INFO org.springframework.boot.devtools.autoconfigure.OptionalLiveReloadServer [restartedMain] LiveReload server is running on port 35729
2021-12-08 14:50:15,810 INFO org.apache.juli.logging.DirectJDKLog [restartedMain] Starting ProtocolHandler ["http-nio-8091"]
2021-12-08 14:50:15,909 INFO org.springframework.boot.web.embedded.tomcat.TomcatWebServer [restartedMain] Tomcat started on port(s): 8091 (http) with context path ''
2021-12-08 14:50:15,924 INFO org.springframework.boot.StartupInfoLogger [restartedMain] Started DigitalOfficeBackendApplication in 10.544 seconds (JVM running for 12.713)
2021-12-08 14:51:18,306 INFO org.apache.juli.logging.DirectJDKLog [http-nio-8091-exec-1] Initializing Spring DispatcherServlet 'dispatcherServlet'
2021-12-08 14:51:18,309 INFO org.springframework.web.servlet.FrameworkServlet [http-nio-8091-exec-1] Initializing Servlet 'dispatcherServlet'
2021-12-08 14:51:18,312 INFO org.springframework.web.servlet.FrameworkServlet [http-nio-8091-exec-1] Completed initialization in 2 ms
2021-12-08 14:51:18,606 ERROR com.datn.doffice.config.security.JwtAuthenticationController [http-nio-8091-exec-2] JWT strings must contain exactly 2 period characters. Found: 0
io.jsonwebtoken.MalformedJwtException: JWT strings must contain exactly 2 period characters. Found: 0
	at io.jsonwebtoken.impl.DefaultJwtParser.parse(DefaultJwtParser.java:235)
	at io.jsonwebtoken.impl.DefaultJwtParser.parse(DefaultJwtParser.java:481)
	at io.jsonwebtoken.impl.DefaultJwtParser.parseClaimsJws(DefaultJwtParser.java:541)
	at com.datn.doffice.config.security.JwtUtils.getAllClaimsFromToken(JwtUtils.java:29)
	at com.datn.doffice.config.security.JwtUtils.getClaimFromToken(JwtUtils.java:33)
	at com.datn.doffice.config.security.JwtUtils.getUsernameFromToken(JwtUtils.java:39)
	at com.datn.doffice.config.security.JwtAuthenticationController.validateToken(JwtAuthenticationController.java:51)
	at java.base/jdk.internal.reflect.NativeMethodAccessorImpl.invoke0(Native Method)
	at java.base/jdk.internal.reflect.NativeMethodAccessorImpl.invoke(NativeMethodAccessorImpl.java:62)
	at java.base/jdk.internal.reflect.DelegatingMethodAccessorImpl.invoke(DelegatingMethodAccessorImpl.java:43)
	at java.base/java.lang.reflect.Method.invoke(Method.java:564)
	at org.springframework.web.method.support.InvocableHandlerMethod.doInvoke(InvocableHandlerMethod.java:205)
	at org.springframework.web.method.support.InvocableHandlerMethod.invokeForRequest(InvocableHandlerMethod.java:150)
	at org.springframework.web.servlet.mvc.method.annotation.ServletInvocableHandlerMethod.invokeAndHandle(ServletInvocableHandlerMethod.java:117)
	at org.springframework.web.servlet.mvc.method.annotation.RequestMappingHandlerAdapter.invokeHandlerMethod(RequestMappingHandlerAdapter.java:895)
	at org.springframework.web.servlet.mvc.method.annotation.RequestMappingHandlerAdapter.handleInternal(RequestMappingHandlerAdapter.java:808)
	at org.springframework.web.servlet.mvc.method.AbstractHandlerMethodAdapter.handle(AbstractHandlerMethodAdapter.java:87)
	at org.springframework.web.servlet.DispatcherServlet.doDispatch(DispatcherServlet.java:1067)
	at org.springframework.web.servlet.DispatcherServlet.doService(DispatcherServlet.java:963)
	at org.springframework.web.servlet.FrameworkServlet.processRequest(FrameworkServlet.java:1006)
	at org.springframework.web.servlet.FrameworkServlet.doGet(FrameworkServlet.java:898)
	at javax.servlet.http.HttpServlet.service(HttpServlet.java:655)
	at org.springframework.web.servlet.FrameworkServlet.service(FrameworkServlet.java:883)
	at javax.servlet.http.HttpServlet.service(HttpServlet.java:764)
	at org.apache.catalina.core.ApplicationFilterChain.internalDoFilter(ApplicationFilterChain.java:227)
	at org.apache.catalina.core.ApplicationFilterChain.doFilter(ApplicationFilterChain.java:162)
	at org.apache.tomcat.websocket.server.WsFilter.doFilter(WsFilter.java:53)
	at org.apache.catalina.core.ApplicationFilterChain.internalDoFilter(ApplicationFilterChain.java:189)
	at org.apache.catalina.core.ApplicationFilterChain.doFilter(ApplicationFilterChain.java:162)
	at org.springframework.web.filter.OncePerRequestFilter.doFilter(OncePerRequestFilter.java:113)
	at org.apache.catalina.core.ApplicationFilterChain.internalDoFilter(ApplicationFilterChain.java:189)
	at org.apache.catalina.core.ApplicationFilterChain.doFilter(ApplicationFilterChain.java:162)
	at org.springframework.security.web.FilterChainProxy$VirtualFilterChain.doFilter(FilterChainProxy.java:327)
	at org.springframework.security.web.access.ExceptionTranslationFilter.doFilter(ExceptionTranslationFilter.java:121)
	at org.springframework.security.web.access.ExceptionTranslationFilter.doFilter(ExceptionTranslationFilter.java:115)
	at org.springframework.security.web.FilterChainProxy$VirtualFilterChain.doFilter(FilterChainProxy.java:336)
	at org.springframework.security.web.session.SessionManagementFilter.doFilter(SessionManagementFilter.java:126)
	at org.springframework.security.web.session.SessionManagementFilter.doFilter(SessionManagementFilter.java:81)
	at org.springframework.security.web.FilterChainProxy$VirtualFilterChain.doFilter(FilterChainProxy.java:336)
	at org.springframework.security.web.authentication.AnonymousAuthenticationFilter.doFilter(AnonymousAuthenticationFilter.java:105)
	at org.springframework.security.web.FilterChainProxy$VirtualFilterChain.doFilter(FilterChainProxy.java:336)
	at org.springframework.security.web.servletapi.SecurityContextHolderAwareRequestFilter.doFilter(SecurityContextHolderAwareRequestFilter.java:149)
	at org.springframework.security.web.FilterChainProxy$VirtualFilterChain.doFilter(FilterChainProxy.java:336)
	at org.springframework.security.web.savedrequest.RequestCacheAwareFilter.doFilter(RequestCacheAwareFilter.java:63)
	at org.springframework.security.web.FilterChainProxy$VirtualFilterChain.doFilter(FilterChainProxy.java:336)
	at com.datn.doffice.config.security.JwtTokenFilter.doFilterInternal(JwtTokenFilter.java:59)
	at org.springframework.web.filter.OncePerRequestFilter.doFilter(OncePerRequestFilter.java:119)
	at org.springframework.security.web.FilterChainProxy$VirtualFilterChain.doFilter(FilterChainProxy.java:336)
	at org.springframework.security.web.authentication.logout.LogoutFilter.doFilter(LogoutFilter.java:103)
	at org.springframework.security.web.authentication.logout.LogoutFilter.doFilter(LogoutFilter.java:89)
	at org.springframework.security.web.FilterChainProxy$VirtualFilterChain.doFilter(FilterChainProxy.java:336)
	at org.springframework.security.web.csrf.CsrfFilter.doFilterInternal(CsrfFilter.java:117)
	at org.springframework.web.filter.OncePerRequestFilter.doFilter(OncePerRequestFilter.java:119)
	at org.springframework.security.web.FilterChainProxy$VirtualFilterChain.doFilter(FilterChainProxy.java:336)
	at org.springframework.web.filter.CorsFilter.doFilterInternal(CorsFilter.java:91)
	at org.springframework.web.filter.OncePerRequestFilter.doFilter(OncePerRequestFilter.java:119)
	at org.springframework.security.web.FilterChainProxy$VirtualFilterChain.doFilter(FilterChainProxy.java:336)
	at org.springframework.security.web.header.HeaderWriterFilter.doHeadersAfter(HeaderWriterFilter.java:90)
	at org.springframework.security.web.header.HeaderWriterFilter.doFilterInternal(HeaderWriterFilter.java:75)
	at org.springframework.web.filter.OncePerRequestFilter.doFilter(OncePerRequestFilter.java:119)
	at org.springframework.security.web.FilterChainProxy$VirtualFilterChain.doFilter(FilterChainProxy.java:336)
	at org.springframework.security.web.context.SecurityContextPersistenceFilter.doFilter(SecurityContextPersistenceFilter.java:110)
	at org.springframework.security.web.context.SecurityContextPersistenceFilter.doFilter(SecurityContextPersistenceFilter.java:80)
	at org.springframework.security.web.FilterChainProxy$VirtualFilterChain.doFilter(FilterChainProxy.java:336)
	at org.springframework.security.web.context.request.async.WebAsyncManagerIntegrationFilter.doFilterInternal(WebAsyncManagerIntegrationFilter.java:55)
	at org.springframework.web.filter.OncePerRequestFilter.doFilter(OncePerRequestFilter.java:119)
	at org.springframework.security.web.FilterChainProxy$VirtualFilterChain.doFilter(FilterChainProxy.java:336)
	at org.springframework.security.web.FilterChainProxy.doFilterInternal(FilterChainProxy.java:211)
	at org.springframework.security.web.FilterChainProxy.doFilter(FilterChainProxy.java:183)
	at org.springframework.web.filter.DelegatingFilterProxy.invokeDelegate(DelegatingFilterProxy.java:358)
	at org.springframework.web.filter.DelegatingFilterProxy.doFilter(DelegatingFilterProxy.java:271)
	at org.apache.catalina.core.ApplicationFilterChain.internalDoFilter(ApplicationFilterChain.java:189)
	at org.apache.catalina.core.ApplicationFilterChain.doFilter(ApplicationFilterChain.java:162)
	at org.springframework.web.filter.RequestContextFilter.doFilterInternal(RequestContextFilter.java:100)
	at org.springframework.web.filter.OncePerRequestFilter.doFilter(OncePerRequestFilter.java:119)
	at org.apache.catalina.core.ApplicationFilterChain.internalDoFilter(ApplicationFilterChain.java:189)
	at org.apache.catalina.core.ApplicationFilterChain.doFilter(ApplicationFilterChain.java:162)
	at org.springframework.web.filter.FormContentFilter.doFilterInternal(FormContentFilter.java:93)
	at org.springframework.web.filter.OncePerRequestFilter.doFilter(OncePerRequestFilter.java:119)
	at org.apache.catalina.core.ApplicationFilterChain.internalDoFilter(ApplicationFilterChain.java:189)
	at org.apache.catalina.core.ApplicationFilterChain.doFilter(ApplicationFilterChain.java:162)
	at org.springframework.web.filter.CharacterEncodingFilter.doFilterInternal(CharacterEncodingFilter.java:201)
	at org.springframework.web.filter.OncePerRequestFilter.doFilter(OncePerRequestFilter.java:119)
	at org.apache.catalina.core.ApplicationFilterChain.internalDoFilter(ApplicationFilterChain.java:189)
	at org.apache.catalina.core.ApplicationFilterChain.doFilter(ApplicationFilterChain.java:162)
	at org.apache.catalina.core.StandardWrapperValve.invoke(StandardWrapperValve.java:197)
	at org.apache.catalina.core.StandardContextValve.invoke(StandardContextValve.java:97)
	at org.apache.catalina.authenticator.AuthenticatorBase.invoke(AuthenticatorBase.java:540)
	at org.apache.catalina.core.StandardHostValve.invoke(StandardHostValve.java:135)
	at org.apache.catalina.valves.ErrorReportValve.invoke(ErrorReportValve.java:92)
	at org.apache.catalina.core.StandardEngineValve.invoke(StandardEngineValve.java:78)
	at org.apache.catalina.connector.CoyoteAdapter.service(CoyoteAdapter.java:357)
	at org.apache.coyote.http11.Http11Processor.service(Http11Processor.java:382)
	at org.apache.coyote.AbstractProcessorLight.process(AbstractProcessorLight.java:65)
	at org.apache.coyote.AbstractProtocol$ConnectionHandler.process(AbstractProtocol.java:895)
	at org.apache.tomcat.util.net.NioEndpoint$SocketProcessor.doRun(NioEndpoint.java:1722)
	at org.apache.tomcat.util.net.SocketProcessorBase.run(SocketProcessorBase.java:49)
	at org.apache.tomcat.util.threads.ThreadPoolExecutor.runWorker(ThreadPoolExecutor.java:1191)
	at org.apache.tomcat.util.threads.ThreadPoolExecutor$Worker.run(ThreadPoolExecutor.java:659)
	at org.apache.tomcat.util.threads.TaskThread$WrappingRunnable.run(TaskThread.java:61)
	at java.base/java.lang.Thread.run(Thread.java:832)
2021-12-08 14:51:28,836 INFO com.mongodb.diagnostics.logging.SLF4JLogger [http-nio-8091-exec-5] Opened connection [connectionId{localValue:3, serverValue:8190}] to 178.128.19.31:27017
2021-12-08 14:51:29,447 INFO com.datn.doffice.utils.ResponseUtil [http-nio-8091-exec-7] RequestNotFoundException
2021-12-08 14:51:31,389 INFO com.mongodb.diagnostics.logging.SLF4JLogger [http-nio-8091-exec-3] Opened connection [connectionId{localValue:6, serverValue:8193}] to 178.128.19.31:27017
2021-12-08 14:51:31,406 INFO com.mongodb.diagnostics.logging.SLF4JLogger [http-nio-8091-exec-4] Opened connection [connectionId{localValue:4, serverValue:8191}] to 178.128.19.31:27017
2021-12-08 14:51:31,411 INFO com.mongodb.diagnostics.logging.SLF4JLogger [http-nio-8091-exec-5] Opened connection [connectionId{localValue:5, serverValue:8192}] to 178.128.19.31:27017
2021-12-08 15:13:50,720 INFO com.datn.doffice.utils.ResponseUtil [http-nio-8091-exec-8] RequestNotFoundException
2021-12-08 15:13:54,120 INFO com.datn.doffice.utils.ResponseUtil [http-nio-8091-exec-1] RequestNotFoundException
2021-12-08 15:21:23,142 INFO com.mongodb.diagnostics.logging.SLF4JLogger [http-nio-8091-exec-7] Opened connection [connectionId{localValue:7, serverValue:8288}] to 178.128.19.31:27017
2021-12-08 15:27:54,029 INFO com.mongodb.diagnostics.logging.SLF4JLogger [http-nio-8091-exec-10] Opened connection [connectionId{localValue:8, serverValue:8291}] to 178.128.19.31:27017
2021-12-08 16:00:09,896 ERROR org.apache.juli.logging.DirectJDKLog [http-nio-8091-exec-9] Servlet.service() for servlet [dispatcherServlet] in context with path [] threw exception
java.lang.IllegalStateException: getOutputStream() has already been called for this response
	at org.apache.catalina.connector.Response.getWriter(Response.java:584)
	at org.apache.catalina.connector.ResponseFacade.getWriter(ResponseFacade.java:227)
	at javax.servlet.ServletResponseWrapper.getWriter(ServletResponseWrapper.java:114)
	at javax.servlet.ServletResponseWrapper.getWriter(ServletResponseWrapper.java:114)
	at org.springframework.security.web.util.OnCommittedResponseWrapper.getWriter(OnCommittedResponseWrapper.java:156)
	at com.datn.doffice.utils.ResponseUtil.writeException(ResponseUtil.java:66)
	at com.datn.doffice.config.security.JwtTokenFilter.doFilterInternal(JwtTokenFilter.java:65)
	at org.springframework.web.filter.OncePerRequestFilter.doFilter(OncePerRequestFilter.java:119)
	at org.springframework.security.web.FilterChainProxy$VirtualFilterChain.doFilter(FilterChainProxy.java:336)
	at org.springframework.security.web.authentication.logout.LogoutFilter.doFilter(LogoutFilter.java:103)
	at org.springframework.security.web.authentication.logout.LogoutFilter.doFilter(LogoutFilter.java:89)
	at org.springframework.security.web.FilterChainProxy$VirtualFilterChain.doFilter(FilterChainProxy.java:336)
	at org.springframework.security.web.csrf.CsrfFilter.doFilterInternal(CsrfFilter.java:117)
	at org.springframework.web.filter.OncePerRequestFilter.doFilter(OncePerRequestFilter.java:119)
	at org.springframework.security.web.FilterChainProxy$VirtualFilterChain.doFilter(FilterChainProxy.java:336)
	at org.springframework.web.filter.CorsFilter.doFilterInternal(CorsFilter.java:91)
	at org.springframework.web.filter.OncePerRequestFilter.doFilter(OncePerRequestFilter.java:119)
	at org.springframework.security.web.FilterChainProxy$VirtualFilterChain.doFilter(FilterChainProxy.java:336)
	at org.springframework.security.web.header.HeaderWriterFilter.doHeadersAfter(HeaderWriterFilter.java:90)
	at org.springframework.security.web.header.HeaderWriterFilter.doFilterInternal(HeaderWriterFilter.java:75)
	at org.springframework.web.filter.OncePerRequestFilter.doFilter(OncePerRequestFilter.java:119)
	at org.springframework.security.web.FilterChainProxy$VirtualFilterChain.doFilter(FilterChainProxy.java:336)
	at org.springframework.security.web.context.SecurityContextPersistenceFilter.doFilter(SecurityContextPersistenceFilter.java:110)
	at org.springframework.security.web.context.SecurityContextPersistenceFilter.doFilter(SecurityContextPersistenceFilter.java:80)
	at org.springframework.security.web.FilterChainProxy$VirtualFilterChain.doFilter(FilterChainProxy.java:336)
	at org.springframework.security.web.context.request.async.WebAsyncManagerIntegrationFilter.doFilterInternal(WebAsyncManagerIntegrationFilter.java:55)
	at org.springframework.web.filter.OncePerRequestFilter.doFilter(OncePerRequestFilter.java:119)
	at org.springframework.security.web.FilterChainProxy$VirtualFilterChain.doFilter(FilterChainProxy.java:336)
	at org.springframework.security.web.FilterChainProxy.doFilterInternal(FilterChainProxy.java:211)
	at org.springframework.security.web.FilterChainProxy.doFilter(FilterChainProxy.java:183)
	at org.springframework.web.filter.DelegatingFilterProxy.invokeDelegate(DelegatingFilterProxy.java:358)
	at org.springframework.web.filter.DelegatingFilterProxy.doFilter(DelegatingFilterProxy.java:271)
	at org.apache.catalina.core.ApplicationFilterChain.internalDoFilter(ApplicationFilterChain.java:189)
	at org.apache.catalina.core.ApplicationFilterChain.doFilter(ApplicationFilterChain.java:162)
	at org.springframework.web.filter.RequestContextFilter.doFilterInternal(RequestContextFilter.java:100)
	at org.springframework.web.filter.OncePerRequestFilter.doFilter(OncePerRequestFilter.java:119)
	at org.apache.catalina.core.ApplicationFilterChain.internalDoFilter(ApplicationFilterChain.java:189)
	at org.apache.catalina.core.ApplicationFilterChain.doFilter(ApplicationFilterChain.java:162)
	at org.springframework.web.filter.FormContentFilter.doFilterInternal(FormContentFilter.java:93)
	at org.springframework.web.filter.OncePerRequestFilter.doFilter(OncePerRequestFilter.java:119)
	at org.apache.catalina.core.ApplicationFilterChain.internalDoFilter(ApplicationFilterChain.java:189)
	at org.apache.catalina.core.ApplicationFilterChain.doFilter(ApplicationFilterChain.java:162)
	at org.springframework.web.filter.CharacterEncodingFilter.doFilterInternal(CharacterEncodingFilter.java:201)
	at org.springframework.web.filter.OncePerRequestFilter.doFilter(OncePerRequestFilter.java:119)
	at org.apache.catalina.core.ApplicationFilterChain.internalDoFilter(ApplicationFilterChain.java:189)
	at org.apache.catalina.core.ApplicationFilterChain.doFilter(ApplicationFilterChain.java:162)
	at org.apache.catalina.core.StandardWrapperValve.invoke(StandardWrapperValve.java:197)
	at org.apache.catalina.core.StandardContextValve.invoke(StandardContextValve.java:97)
	at org.apache.catalina.authenticator.AuthenticatorBase.invoke(AuthenticatorBase.java:540)
	at org.apache.catalina.core.StandardHostValve.invoke(StandardHostValve.java:135)
	at org.apache.catalina.valves.ErrorReportValve.invoke(ErrorReportValve.java:92)
	at org.apache.catalina.core.StandardEngineValve.invoke(StandardEngineValve.java:78)
	at org.apache.catalina.connector.CoyoteAdapter.service(CoyoteAdapter.java:357)
	at org.apache.coyote.http11.Http11Processor.service(Http11Processor.java:382)
	at org.apache.coyote.AbstractProcessorLight.process(AbstractProcessorLight.java:65)
	at org.apache.coyote.AbstractProtocol$ConnectionHandler.process(AbstractProtocol.java:895)
	at org.apache.tomcat.util.net.NioEndpoint$SocketProcessor.doRun(NioEndpoint.java:1722)
	at org.apache.tomcat.util.net.SocketProcessorBase.run(SocketProcessorBase.java:49)
	at org.apache.tomcat.util.threads.ThreadPoolExecutor.runWorker(ThreadPoolExecutor.java:1191)
	at org.apache.tomcat.util.threads.ThreadPoolExecutor$Worker.run(ThreadPoolExecutor.java:659)
	at org.apache.tomcat.util.threads.TaskThread$WrappingRunnable.run(TaskThread.java:61)
	at java.base/java.lang.Thread.run(Thread.java:832)
2021-12-08 18:12:21,809 INFO org.springframework.boot.admin.SpringApplicationAdminMXBeanRegistrar$SpringApplicationAdmin [RMI TCP Connection(237)-127.0.0.1] Application shutdown requested.
