2021-12-13 16:55:34,442 INFO org.springframework.boot.StartupInfoLogger [restartedMain] Starting DigitalOfficeBackendApplication using Java 14.0.2 on HuyND with PID 3828 (C:\Spring tool\source\digital-office-backend\target\classes started by pytha in C:\Spring tool\source\digital-office-backend)
2021-12-13 16:55:34,445 DEBUG org.springframework.boot.StartupInfoLogger [restartedMain] Running with Spring Boot v2.5.6, Spring v5.3.12
2021-12-13 16:55:34,445 INFO org.springframework.boot.SpringApplication [restartedMain] No active profile set, falling back to default profiles: default
2021-12-13 16:55:34,564 INFO org.springframework.boot.logging.DeferredLog [restartedMain] The Class-Path manifest attribute in C:\Users\pytha\.m2\repository\com\sun\xml\bind\jaxb-core\2.3.0.1\jaxb-core-2.3.0.1.jar referenced one or more files that do not exist: file:/C:/Users/pytha/.m2/repository/com/sun/xml/bind/jaxb-core/2.3.0.1/jaxb-api.jar
2021-12-13 16:55:34,565 INFO org.springframework.boot.logging.DeferredLog [restartedMain] The Class-Path manifest attribute in C:\Users\pytha\.m2\repository\com\sun\xml\bind\jaxb-impl\2.3.1\jaxb-impl-2.3.1.jar referenced one or more files that do not exist: file:/C:/Users/pytha/.m2/repository/com/sun/xml/bind/jaxb-impl/2.3.1/jaxb-runtime-2.3.1.jar,file:/C:/Users/pytha/.m2/repository/com/sun/xml/bind/jaxb-impl/2.3.1/txw2-2.3.1.jar,file:/C:/Users/pytha/.m2/repository/com/sun/xml/bind/jaxb-impl/2.3.1/istack-commons-runtime-3.0.7.jar,file:/C:/Users/pytha/.m2/repository/com/sun/xml/bind/jaxb-impl/2.3.1/stax-ex-1.8.jar,file:/C:/Users/pytha/.m2/repository/com/sun/xml/bind/jaxb-impl/2.3.1/FastInfoset-1.2.15.jar,file:/C:/Users/pytha/.m2/repository/com/sun/xml/bind/jaxb-impl/2.3.1/javax.activation-api-1.2.0.jar
2021-12-13 16:55:34,566 INFO org.springframework.boot.logging.DeferredLog [restartedMain] Devtools property defaults active! Set 'spring.devtools.add-properties' to 'false' to disable
2021-12-13 16:55:34,566 INFO org.springframework.boot.logging.DeferredLog [restartedMain] For additional web related logging consider setting the 'logging.level.web' property to 'DEBUG'
2021-12-13 16:55:37,194 INFO org.springframework.data.repository.config.RepositoryConfigurationDelegate [restartedMain] Multiple Spring Data modules found, entering strict repository configuration mode!
2021-12-13 16:55:37,196 INFO org.springframework.data.repository.config.RepositoryConfigurationDelegate [restartedMain] Bootstrapping Spring Data MongoDB repositories in DEFAULT mode.
2021-12-13 16:55:37,213 INFO org.springframework.data.repository.config.RepositoryConfigurationDelegate [restartedMain] Finished Spring Data repository scanning in 10 ms. Found 0 MongoDB repository interfaces.
2021-12-13 16:55:37,577 INFO org.springframework.data.repository.config.RepositoryConfigurationDelegate [restartedMain] Multiple Spring Data modules found, entering strict repository configuration mode!
2021-12-13 16:55:37,579 INFO org.springframework.data.repository.config.RepositoryConfigurationDelegate [restartedMain] Bootstrapping Spring Data Redis repositories in DEFAULT mode.
2021-12-13 16:55:37,637 INFO org.springframework.data.repository.config.RepositoryConfigurationDelegate [restartedMain] Finished Spring Data repository scanning in 43 ms. Found 0 Redis repository interfaces.
2021-12-13 16:55:38,166 INFO org.springframework.context.support.PostProcessorRegistrationDelegate$BeanPostProcessorChecker [restartedMain] Bean 'org.springframework.security.access.expression.method.DefaultMethodSecurityExpressionHandler@4d6198d9' of type [org.springframework.security.access.expression.method.DefaultMethodSecurityExpressionHandler] is not eligible for getting processed by all BeanPostProcessors (for example: not eligible for auto-proxying)
2021-12-13 16:55:38,174 INFO org.springframework.context.support.PostProcessorRegistrationDelegate$BeanPostProcessorChecker [restartedMain] Bean 'methodSecurityMetadataSource' of type [org.springframework.security.access.method.DelegatingMethodSecurityMetadataSource] is not eligible for getting processed by all BeanPostProcessors (for example: not eligible for auto-proxying)
2021-12-13 16:55:38,755 INFO org.springframework.boot.web.embedded.tomcat.TomcatWebServer [restartedMain] Tomcat initialized with port(s): 8091 (http)
2021-12-13 16:55:38,775 INFO org.apache.juli.logging.DirectJDKLog [restartedMain] Initializing ProtocolHandler ["http-nio-8091"]
2021-12-13 16:55:38,777 INFO org.apache.juli.logging.DirectJDKLog [restartedMain] Starting service [Tomcat]
2021-12-13 16:55:38,778 INFO org.apache.juli.logging.DirectJDKLog [restartedMain] Starting Servlet engine: [Apache Tomcat/9.0.54]
2021-12-13 16:55:38,940 INFO org.apache.juli.logging.DirectJDKLog [restartedMain] Initializing Spring embedded WebApplicationContext
2021-12-13 16:55:38,941 INFO org.springframework.boot.web.servlet.context.ServletWebServerApplicationContext [restartedMain] Root WebApplicationContext: initialization completed in 4374 ms
2021-12-13 16:55:39,110 INFO com.mongodb.diagnostics.logging.SLF4JLogger [restartedMain] Cluster created with settings {hosts=[178.128.19.31:27017], mode=SINGLE, requiredClusterType=UNKNOWN, serverSelectionTimeout='30000 ms'}
2021-12-13 16:55:39,384 INFO com.mongodb.diagnostics.logging.SLF4JLogger [cluster-rtt-ClusterId{value='61b7189b0d92c779d6202015', description='null'}-178.128.19.31:27017] Opened connection [connectionId{localValue:2, serverValue:10208}] to 178.128.19.31:27017
2021-12-13 16:55:39,384 INFO com.mongodb.diagnostics.logging.SLF4JLogger [cluster-ClusterId{value='61b7189b0d92c779d6202015', description='null'}-178.128.19.31:27017] Opened connection [connectionId{localValue:1, serverValue:10207}] to 178.128.19.31:27017
2021-12-13 16:55:39,387 INFO com.mongodb.diagnostics.logging.SLF4JLogger [cluster-ClusterId{value='61b7189b0d92c779d6202015', description='null'}-178.128.19.31:27017] Monitor thread successfully connected to server with description ServerDescription{address=178.128.19.31:27017, type=REPLICA_SET_PRIMARY, state=CONNECTED, ok=true, minWireVersion=0, maxWireVersion=9, maxDocumentSize=16777216, logicalSessionTimeoutMinutes=30, roundTripTimeNanos=121368700, setName='reps0', canonicalAddress=127.0.0.1:27017, hosts=[127.0.0.1:27017], passives=[], arbiters=[], primary='127.0.0.1:27017', tagSet=TagSet{[]}, electionId=7fffffff000000000000000e, setVersion=1, topologyVersion=TopologyVersion{processId=61824065b32f7a93cc0ee417, counter=6}, lastWriteDate=Mon Dec 13 16:55:35 ICT 2021, lastUpdateTimeNanos=200918027820300}
2021-12-13 16:55:40,028 DEBUG org.springframework.web.filter.GenericFilterBean [restartedMain] Filter 'jwtTokenFilter' configured for use
2021-12-13 16:55:41,395 INFO org.springframework.security.web.DefaultSecurityFilterChain [restartedMain] Will secure any request with [org.springframework.security.web.context.request.async.WebAsyncManagerIntegrationFilter@28fb839, org.springframework.security.web.context.SecurityContextPersistenceFilter@4fb7e81d, org.springframework.security.web.header.HeaderWriterFilter@75986e9b, org.springframework.web.filter.CorsFilter@8232822, org.springframework.security.web.csrf.CsrfFilter@5393d3a8, org.springframework.security.web.authentication.logout.LogoutFilter@36bf65ed, com.datn.doffice.config.security.JwtTokenFilter@5d67e49, org.springframework.security.web.savedrequest.RequestCacheAwareFilter@710ccb07, org.springframework.security.web.servletapi.SecurityContextHolderAwareRequestFilter@2410703e, org.springframework.security.web.authentication.AnonymousAuthenticationFilter@36181022, org.springframework.security.web.session.SessionManagementFilter@3a652915, org.springframework.security.web.access.ExceptionTranslationFilter@75f351ef]
2021-12-13 16:55:42,380 INFO org.springframework.boot.devtools.autoconfigure.OptionalLiveReloadServer [restartedMain] LiveReload server is running on port 35729
2021-12-13 16:55:42,432 INFO org.apache.juli.logging.DirectJDKLog [restartedMain] Starting ProtocolHandler ["http-nio-8091"]
2021-12-13 16:55:42,481 INFO org.springframework.boot.web.embedded.tomcat.TomcatWebServer [restartedMain] Tomcat started on port(s): 8091 (http) with context path ''
2021-12-13 16:55:42,507 INFO org.springframework.boot.StartupInfoLogger [restartedMain] Started DigitalOfficeBackendApplication in 8.844 seconds (JVM running for 12.492)
2021-12-13 17:01:06,914 INFO org.apache.juli.logging.DirectJDKLog [http-nio-8091-exec-1] Initializing Spring DispatcherServlet 'dispatcherServlet'
2021-12-13 17:01:06,915 INFO org.springframework.web.servlet.FrameworkServlet [http-nio-8091-exec-1] Initializing Servlet 'dispatcherServlet'
2021-12-13 17:01:06,918 INFO org.springframework.web.servlet.FrameworkServlet [http-nio-8091-exec-1] Completed initialization in 2 ms
2021-12-13 17:01:07,044 ERROR com.datn.doffice.config.security.JwtAuthenticationController [http-nio-8091-exec-2] JWT strings must contain exactly 2 period characters. Found: 0
io.jsonwebtoken.MalformedJwtException: JWT strings must contain exactly 2 period characters. Found: 0
	at io.jsonwebtoken.impl.DefaultJwtParser.parse(DefaultJwtParser.java:235)
	at io.jsonwebtoken.impl.DefaultJwtParser.parse(DefaultJwtParser.java:481)
	at io.jsonwebtoken.impl.DefaultJwtParser.parseClaimsJws(DefaultJwtParser.java:541)
	at com.datn.doffice.config.security.JwtUtils.getAllClaimsFromToken(JwtUtils.java:29)
	at com.datn.doffice.config.security.JwtUtils.getClaimFromToken(JwtUtils.java:33)
	at com.datn.doffice.config.security.JwtUtils.getUsernameFromToken(JwtUtils.java:39)
	at com.datn.doffice.config.security.JwtAuthenticationController.validateToken(JwtAuthenticationController.java:51)
	at java.base/jdk.internal.reflect.NativeMethodAccessorImpl.invoke0(Native Method)
	at java.base/jdk.internal.reflect.NativeMethodAccessorImpl.invoke(NativeMethodAccessorImpl.java:62)
	at java.base/jdk.internal.reflect.DelegatingMethodAccessorImpl.invoke(DelegatingMethodAccessorImpl.java:43)
	at java.base/java.lang.reflect.Method.invoke(Method.java:564)
	at org.springframework.web.method.support.InvocableHandlerMethod.doInvoke(InvocableHandlerMethod.java:205)
	at org.springframework.web.method.support.InvocableHandlerMethod.invokeForRequest(InvocableHandlerMethod.java:150)
	at org.springframework.web.servlet.mvc.method.annotation.ServletInvocableHandlerMethod.invokeAndHandle(ServletInvocableHandlerMethod.java:117)
	at org.springframework.web.servlet.mvc.method.annotation.RequestMappingHandlerAdapter.invokeHandlerMethod(RequestMappingHandlerAdapter.java:895)
	at org.springframework.web.servlet.mvc.method.annotation.RequestMappingHandlerAdapter.handleInternal(RequestMappingHandlerAdapter.java:808)
	at org.springframework.web.servlet.mvc.method.AbstractHandlerMethodAdapter.handle(AbstractHandlerMethodAdapter.java:87)
	at org.springframework.web.servlet.DispatcherServlet.doDispatch(DispatcherServlet.java:1067)
	at org.springframework.web.servlet.DispatcherServlet.doService(DispatcherServlet.java:963)
	at org.springframework.web.servlet.FrameworkServlet.processRequest(FrameworkServlet.java:1006)
	at org.springframework.web.servlet.FrameworkServlet.doGet(FrameworkServlet.java:898)
	at javax.servlet.http.HttpServlet.service(HttpServlet.java:655)
	at org.springframework.web.servlet.FrameworkServlet.service(FrameworkServlet.java:883)
	at javax.servlet.http.HttpServlet.service(HttpServlet.java:764)
	at org.apache.catalina.core.ApplicationFilterChain.internalDoFilter(ApplicationFilterChain.java:227)
	at org.apache.catalina.core.ApplicationFilterChain.doFilter(ApplicationFilterChain.java:162)
	at org.apache.tomcat.websocket.server.WsFilter.doFilter(WsFilter.java:53)
	at org.apache.catalina.core.ApplicationFilterChain.internalDoFilter(ApplicationFilterChain.java:189)
	at org.apache.catalina.core.ApplicationFilterChain.doFilter(ApplicationFilterChain.java:162)
	at org.springframework.web.filter.OncePerRequestFilter.doFilter(OncePerRequestFilter.java:113)
	at org.apache.catalina.core.ApplicationFilterChain.internalDoFilter(ApplicationFilterChain.java:189)
	at org.apache.catalina.core.ApplicationFilterChain.doFilter(ApplicationFilterChain.java:162)
	at org.springframework.security.web.FilterChainProxy$VirtualFilterChain.doFilter(FilterChainProxy.java:327)
	at org.springframework.security.web.access.ExceptionTranslationFilter.doFilter(ExceptionTranslationFilter.java:121)
	at org.springframework.security.web.access.ExceptionTranslationFilter.doFilter(ExceptionTranslationFilter.java:115)
	at org.springframework.security.web.FilterChainProxy$VirtualFilterChain.doFilter(FilterChainProxy.java:336)
	at org.springframework.security.web.session.SessionManagementFilter.doFilter(SessionManagementFilter.java:126)
	at org.springframework.security.web.session.SessionManagementFilter.doFilter(SessionManagementFilter.java:81)
	at org.springframework.security.web.FilterChainProxy$VirtualFilterChain.doFilter(FilterChainProxy.java:336)
	at org.springframework.security.web.authentication.AnonymousAuthenticationFilter.doFilter(AnonymousAuthenticationFilter.java:105)
	at org.springframework.security.web.FilterChainProxy$VirtualFilterChain.doFilter(FilterChainProxy.java:336)
	at org.springframework.security.web.servletapi.SecurityContextHolderAwareRequestFilter.doFilter(SecurityContextHolderAwareRequestFilter.java:149)
	at org.springframework.security.web.FilterChainProxy$VirtualFilterChain.doFilter(FilterChainProxy.java:336)
	at org.springframework.security.web.savedrequest.RequestCacheAwareFilter.doFilter(RequestCacheAwareFilter.java:63)
	at org.springframework.security.web.FilterChainProxy$VirtualFilterChain.doFilter(FilterChainProxy.java:336)
	at com.datn.doffice.config.security.JwtTokenFilter.doFilterInternal(JwtTokenFilter.java:59)
	at org.springframework.web.filter.OncePerRequestFilter.doFilter(OncePerRequestFilter.java:119)
	at org.springframework.security.web.FilterChainProxy$VirtualFilterChain.doFilter(FilterChainProxy.java:336)
	at org.springframework.security.web.authentication.logout.LogoutFilter.doFilter(LogoutFilter.java:103)
	at org.springframework.security.web.authentication.logout.LogoutFilter.doFilter(LogoutFilter.java:89)
	at org.springframework.security.web.FilterChainProxy$VirtualFilterChain.doFilter(FilterChainProxy.java:336)
	at org.springframework.security.web.csrf.CsrfFilter.doFilterInternal(CsrfFilter.java:117)
	at org.springframework.web.filter.OncePerRequestFilter.doFilter(OncePerRequestFilter.java:119)
	at org.springframework.security.web.FilterChainProxy$VirtualFilterChain.doFilter(FilterChainProxy.java:336)
	at org.springframework.web.filter.CorsFilter.doFilterInternal(CorsFilter.java:91)
	at org.springframework.web.filter.OncePerRequestFilter.doFilter(OncePerRequestFilter.java:119)
	at org.springframework.security.web.FilterChainProxy$VirtualFilterChain.doFilter(FilterChainProxy.java:336)
	at org.springframework.security.web.header.HeaderWriterFilter.doHeadersAfter(HeaderWriterFilter.java:90)
	at org.springframework.security.web.header.HeaderWriterFilter.doFilterInternal(HeaderWriterFilter.java:75)
	at org.springframework.web.filter.OncePerRequestFilter.doFilter(OncePerRequestFilter.java:119)
	at org.springframework.security.web.FilterChainProxy$VirtualFilterChain.doFilter(FilterChainProxy.java:336)
	at org.springframework.security.web.context.SecurityContextPersistenceFilter.doFilter(SecurityContextPersistenceFilter.java:110)
	at org.springframework.security.web.context.SecurityContextPersistenceFilter.doFilter(SecurityContextPersistenceFilter.java:80)
	at org.springframework.security.web.FilterChainProxy$VirtualFilterChain.doFilter(FilterChainProxy.java:336)
	at org.springframework.security.web.context.request.async.WebAsyncManagerIntegrationFilter.doFilterInternal(WebAsyncManagerIntegrationFilter.java:55)
	at org.springframework.web.filter.OncePerRequestFilter.doFilter(OncePerRequestFilter.java:119)
	at org.springframework.security.web.FilterChainProxy$VirtualFilterChain.doFilter(FilterChainProxy.java:336)
	at org.springframework.security.web.FilterChainProxy.doFilterInternal(FilterChainProxy.java:211)
	at org.springframework.security.web.FilterChainProxy.doFilter(FilterChainProxy.java:183)
	at org.springframework.web.filter.DelegatingFilterProxy.invokeDelegate(DelegatingFilterProxy.java:358)
	at org.springframework.web.filter.DelegatingFilterProxy.doFilter(DelegatingFilterProxy.java:271)
	at org.apache.catalina.core.ApplicationFilterChain.internalDoFilter(ApplicationFilterChain.java:189)
	at org.apache.catalina.core.ApplicationFilterChain.doFilter(ApplicationFilterChain.java:162)
	at org.springframework.web.filter.RequestContextFilter.doFilterInternal(RequestContextFilter.java:100)
	at org.springframework.web.filter.OncePerRequestFilter.doFilter(OncePerRequestFilter.java:119)
	at org.apache.catalina.core.ApplicationFilterChain.internalDoFilter(ApplicationFilterChain.java:189)
	at org.apache.catalina.core.ApplicationFilterChain.doFilter(ApplicationFilterChain.java:162)
	at org.springframework.web.filter.FormContentFilter.doFilterInternal(FormContentFilter.java:93)
	at org.springframework.web.filter.OncePerRequestFilter.doFilter(OncePerRequestFilter.java:119)
	at org.apache.catalina.core.ApplicationFilterChain.internalDoFilter(ApplicationFilterChain.java:189)
	at org.apache.catalina.core.ApplicationFilterChain.doFilter(ApplicationFilterChain.java:162)
	at org.springframework.web.filter.CharacterEncodingFilter.doFilterInternal(CharacterEncodingFilter.java:201)
	at org.springframework.web.filter.OncePerRequestFilter.doFilter(OncePerRequestFilter.java:119)
	at org.apache.catalina.core.ApplicationFilterChain.internalDoFilter(ApplicationFilterChain.java:189)
	at org.apache.catalina.core.ApplicationFilterChain.doFilter(ApplicationFilterChain.java:162)
	at org.apache.catalina.core.StandardWrapperValve.invoke(StandardWrapperValve.java:197)
	at org.apache.catalina.core.StandardContextValve.invoke(StandardContextValve.java:97)
	at org.apache.catalina.authenticator.AuthenticatorBase.invoke(AuthenticatorBase.java:540)
	at org.apache.catalina.core.StandardHostValve.invoke(StandardHostValve.java:135)
	at org.apache.catalina.valves.ErrorReportValve.invoke(ErrorReportValve.java:92)
	at org.apache.catalina.core.StandardEngineValve.invoke(StandardEngineValve.java:78)
	at org.apache.catalina.connector.CoyoteAdapter.service(CoyoteAdapter.java:357)
	at org.apache.coyote.http11.Http11Processor.service(Http11Processor.java:382)
	at org.apache.coyote.AbstractProcessorLight.process(AbstractProcessorLight.java:65)
	at org.apache.coyote.AbstractProtocol$ConnectionHandler.process(AbstractProtocol.java:895)
	at org.apache.tomcat.util.net.NioEndpoint$SocketProcessor.doRun(NioEndpoint.java:1722)
	at org.apache.tomcat.util.net.SocketProcessorBase.run(SocketProcessorBase.java:49)
	at org.apache.tomcat.util.threads.ThreadPoolExecutor.runWorker(ThreadPoolExecutor.java:1191)
	at org.apache.tomcat.util.threads.ThreadPoolExecutor$Worker.run(ThreadPoolExecutor.java:659)
	at org.apache.tomcat.util.threads.TaskThread$WrappingRunnable.run(TaskThread.java:61)
	at java.base/java.lang.Thread.run(Thread.java:832)
2021-12-13 17:01:17,879 INFO com.mongodb.diagnostics.logging.SLF4JLogger [http-nio-8091-exec-5] Opened connection [connectionId{localValue:3, serverValue:10209}] to 178.128.19.31:27017
2021-12-13 17:01:18,560 INFO com.datn.doffice.utils.ResponseUtil [http-nio-8091-exec-7] RequestNotFoundException
2021-12-13 17:01:21,429 INFO com.mongodb.diagnostics.logging.SLF4JLogger [http-nio-8091-exec-8] Opened connection [connectionId{localValue:4, serverValue:10210}] to 178.128.19.31:27017
2021-12-13 17:01:21,453 INFO com.mongodb.diagnostics.logging.SLF4JLogger [http-nio-8091-exec-5] Opened connection [connectionId{localValue:7, serverValue:10211}] to 178.128.19.31:27017
2021-12-13 17:01:21,464 INFO com.mongodb.diagnostics.logging.SLF4JLogger [http-nio-8091-exec-4] Opened connection [connectionId{localValue:6, serverValue:10212}] to 178.128.19.31:27017
2021-12-13 17:01:21,469 INFO com.mongodb.diagnostics.logging.SLF4JLogger [http-nio-8091-exec-6] Opened connection [connectionId{localValue:5, serverValue:10213}] to 178.128.19.31:27017
2021-12-13 17:01:52,062 INFO com.mongodb.diagnostics.logging.SLF4JLogger [http-nio-8091-exec-5] Opened connection [connectionId{localValue:8, serverValue:10214}] to 178.128.19.31:27017
2021-12-13 17:03:17,510 ERROR com.datn.doffice.config.security.JwtAuthenticationController [http-nio-8091-exec-4] JWT strings must contain exactly 2 period characters. Found: 0
io.jsonwebtoken.MalformedJwtException: JWT strings must contain exactly 2 period characters. Found: 0
	at io.jsonwebtoken.impl.DefaultJwtParser.parse(DefaultJwtParser.java:235)
	at io.jsonwebtoken.impl.DefaultJwtParser.parse(DefaultJwtParser.java:481)
	at io.jsonwebtoken.impl.DefaultJwtParser.parseClaimsJws(DefaultJwtParser.java:541)
	at com.datn.doffice.config.security.JwtUtils.getAllClaimsFromToken(JwtUtils.java:29)
	at com.datn.doffice.config.security.JwtUtils.getClaimFromToken(JwtUtils.java:33)
	at com.datn.doffice.config.security.JwtUtils.getUsernameFromToken(JwtUtils.java:39)
	at com.datn.doffice.config.security.JwtAuthenticationController.validateToken(JwtAuthenticationController.java:51)
	at java.base/jdk.internal.reflect.NativeMethodAccessorImpl.invoke0(Native Method)
	at java.base/jdk.internal.reflect.NativeMethodAccessorImpl.invoke(NativeMethodAccessorImpl.java:62)
	at java.base/jdk.internal.reflect.DelegatingMethodAccessorImpl.invoke(DelegatingMethodAccessorImpl.java:43)
	at java.base/java.lang.reflect.Method.invoke(Method.java:564)
	at org.springframework.web.method.support.InvocableHandlerMethod.doInvoke(InvocableHandlerMethod.java:205)
	at org.springframework.web.method.support.InvocableHandlerMethod.invokeForRequest(InvocableHandlerMethod.java:150)
	at org.springframework.web.servlet.mvc.method.annotation.ServletInvocableHandlerMethod.invokeAndHandle(ServletInvocableHandlerMethod.java:117)
	at org.springframework.web.servlet.mvc.method.annotation.RequestMappingHandlerAdapter.invokeHandlerMethod(RequestMappingHandlerAdapter.java:895)
	at org.springframework.web.servlet.mvc.method.annotation.RequestMappingHandlerAdapter.handleInternal(RequestMappingHandlerAdapter.java:808)
	at org.springframework.web.servlet.mvc.method.AbstractHandlerMethodAdapter.handle(AbstractHandlerMethodAdapter.java:87)
	at org.springframework.web.servlet.DispatcherServlet.doDispatch(DispatcherServlet.java:1067)
	at org.springframework.web.servlet.DispatcherServlet.doService(DispatcherServlet.java:963)
	at org.springframework.web.servlet.FrameworkServlet.processRequest(FrameworkServlet.java:1006)
	at org.springframework.web.servlet.FrameworkServlet.doGet(FrameworkServlet.java:898)
	at javax.servlet.http.HttpServlet.service(HttpServlet.java:655)
	at org.springframework.web.servlet.FrameworkServlet.service(FrameworkServlet.java:883)
	at javax.servlet.http.HttpServlet.service(HttpServlet.java:764)
	at org.apache.catalina.core.ApplicationFilterChain.internalDoFilter(ApplicationFilterChain.java:227)
	at org.apache.catalina.core.ApplicationFilterChain.doFilter(ApplicationFilterChain.java:162)
	at org.apache.tomcat.websocket.server.WsFilter.doFilter(WsFilter.java:53)
	at org.apache.catalina.core.ApplicationFilterChain.internalDoFilter(ApplicationFilterChain.java:189)
	at org.apache.catalina.core.ApplicationFilterChain.doFilter(ApplicationFilterChain.java:162)
	at org.springframework.web.filter.OncePerRequestFilter.doFilter(OncePerRequestFilter.java:113)
	at org.apache.catalina.core.ApplicationFilterChain.internalDoFilter(ApplicationFilterChain.java:189)
	at org.apache.catalina.core.ApplicationFilterChain.doFilter(ApplicationFilterChain.java:162)
	at org.springframework.security.web.FilterChainProxy$VirtualFilterChain.doFilter(FilterChainProxy.java:327)
	at org.springframework.security.web.access.ExceptionTranslationFilter.doFilter(ExceptionTranslationFilter.java:121)
	at org.springframework.security.web.access.ExceptionTranslationFilter.doFilter(ExceptionTranslationFilter.java:115)
	at org.springframework.security.web.FilterChainProxy$VirtualFilterChain.doFilter(FilterChainProxy.java:336)
	at org.springframework.security.web.session.SessionManagementFilter.doFilter(SessionManagementFilter.java:126)
	at org.springframework.security.web.session.SessionManagementFilter.doFilter(SessionManagementFilter.java:81)
	at org.springframework.security.web.FilterChainProxy$VirtualFilterChain.doFilter(FilterChainProxy.java:336)
	at org.springframework.security.web.authentication.AnonymousAuthenticationFilter.doFilter(AnonymousAuthenticationFilter.java:105)
	at org.springframework.security.web.FilterChainProxy$VirtualFilterChain.doFilter(FilterChainProxy.java:336)
	at org.springframework.security.web.servletapi.SecurityContextHolderAwareRequestFilter.doFilter(SecurityContextHolderAwareRequestFilter.java:149)
	at org.springframework.security.web.FilterChainProxy$VirtualFilterChain.doFilter(FilterChainProxy.java:336)
	at org.springframework.security.web.savedrequest.RequestCacheAwareFilter.doFilter(RequestCacheAwareFilter.java:63)
	at org.springframework.security.web.FilterChainProxy$VirtualFilterChain.doFilter(FilterChainProxy.java:336)
	at com.datn.doffice.config.security.JwtTokenFilter.doFilterInternal(JwtTokenFilter.java:59)
	at org.springframework.web.filter.OncePerRequestFilter.doFilter(OncePerRequestFilter.java:119)
	at org.springframework.security.web.FilterChainProxy$VirtualFilterChain.doFilter(FilterChainProxy.java:336)
	at org.springframework.security.web.authentication.logout.LogoutFilter.doFilter(LogoutFilter.java:103)
	at org.springframework.security.web.authentication.logout.LogoutFilter.doFilter(LogoutFilter.java:89)
	at org.springframework.security.web.FilterChainProxy$VirtualFilterChain.doFilter(FilterChainProxy.java:336)
	at org.springframework.security.web.csrf.CsrfFilter.doFilterInternal(CsrfFilter.java:117)
	at org.springframework.web.filter.OncePerRequestFilter.doFilter(OncePerRequestFilter.java:119)
	at org.springframework.security.web.FilterChainProxy$VirtualFilterChain.doFilter(FilterChainProxy.java:336)
	at org.springframework.web.filter.CorsFilter.doFilterInternal(CorsFilter.java:91)
	at org.springframework.web.filter.OncePerRequestFilter.doFilter(OncePerRequestFilter.java:119)
	at org.springframework.security.web.FilterChainProxy$VirtualFilterChain.doFilter(FilterChainProxy.java:336)
	at org.springframework.security.web.header.HeaderWriterFilter.doHeadersAfter(HeaderWriterFilter.java:90)
	at org.springframework.security.web.header.HeaderWriterFilter.doFilterInternal(HeaderWriterFilter.java:75)
	at org.springframework.web.filter.OncePerRequestFilter.doFilter(OncePerRequestFilter.java:119)
	at org.springframework.security.web.FilterChainProxy$VirtualFilterChain.doFilter(FilterChainProxy.java:336)
	at org.springframework.security.web.context.SecurityContextPersistenceFilter.doFilter(SecurityContextPersistenceFilter.java:110)
	at org.springframework.security.web.context.SecurityContextPersistenceFilter.doFilter(SecurityContextPersistenceFilter.java:80)
	at org.springframework.security.web.FilterChainProxy$VirtualFilterChain.doFilter(FilterChainProxy.java:336)
	at org.springframework.security.web.context.request.async.WebAsyncManagerIntegrationFilter.doFilterInternal(WebAsyncManagerIntegrationFilter.java:55)
	at org.springframework.web.filter.OncePerRequestFilter.doFilter(OncePerRequestFilter.java:119)
	at org.springframework.security.web.FilterChainProxy$VirtualFilterChain.doFilter(FilterChainProxy.java:336)
	at org.springframework.security.web.FilterChainProxy.doFilterInternal(FilterChainProxy.java:211)
	at org.springframework.security.web.FilterChainProxy.doFilter(FilterChainProxy.java:183)
	at org.springframework.web.filter.DelegatingFilterProxy.invokeDelegate(DelegatingFilterProxy.java:358)
	at org.springframework.web.filter.DelegatingFilterProxy.doFilter(DelegatingFilterProxy.java:271)
	at org.apache.catalina.core.ApplicationFilterChain.internalDoFilter(ApplicationFilterChain.java:189)
	at org.apache.catalina.core.ApplicationFilterChain.doFilter(ApplicationFilterChain.java:162)
	at org.springframework.web.filter.RequestContextFilter.doFilterInternal(RequestContextFilter.java:100)
	at org.springframework.web.filter.OncePerRequestFilter.doFilter(OncePerRequestFilter.java:119)
	at org.apache.catalina.core.ApplicationFilterChain.internalDoFilter(ApplicationFilterChain.java:189)
	at org.apache.catalina.core.ApplicationFilterChain.doFilter(ApplicationFilterChain.java:162)
	at org.springframework.web.filter.FormContentFilter.doFilterInternal(FormContentFilter.java:93)
	at org.springframework.web.filter.OncePerRequestFilter.doFilter(OncePerRequestFilter.java:119)
	at org.apache.catalina.core.ApplicationFilterChain.internalDoFilter(ApplicationFilterChain.java:189)
	at org.apache.catalina.core.ApplicationFilterChain.doFilter(ApplicationFilterChain.java:162)
	at org.springframework.web.filter.CharacterEncodingFilter.doFilterInternal(CharacterEncodingFilter.java:201)
	at org.springframework.web.filter.OncePerRequestFilter.doFilter(OncePerRequestFilter.java:119)
	at org.apache.catalina.core.ApplicationFilterChain.internalDoFilter(ApplicationFilterChain.java:189)
	at org.apache.catalina.core.ApplicationFilterChain.doFilter(ApplicationFilterChain.java:162)
	at org.apache.catalina.core.StandardWrapperValve.invoke(StandardWrapperValve.java:197)
	at org.apache.catalina.core.StandardContextValve.invoke(StandardContextValve.java:97)
	at org.apache.catalina.authenticator.AuthenticatorBase.invoke(AuthenticatorBase.java:540)
	at org.apache.catalina.core.StandardHostValve.invoke(StandardHostValve.java:135)
	at org.apache.catalina.valves.ErrorReportValve.invoke(ErrorReportValve.java:92)
	at org.apache.catalina.core.StandardEngineValve.invoke(StandardEngineValve.java:78)
	at org.apache.catalina.connector.CoyoteAdapter.service(CoyoteAdapter.java:357)
	at org.apache.coyote.http11.Http11Processor.service(Http11Processor.java:382)
	at org.apache.coyote.AbstractProcessorLight.process(AbstractProcessorLight.java:65)
	at org.apache.coyote.AbstractProtocol$ConnectionHandler.process(AbstractProtocol.java:895)
	at org.apache.tomcat.util.net.NioEndpoint$SocketProcessor.doRun(NioEndpoint.java:1722)
	at org.apache.tomcat.util.net.SocketProcessorBase.run(SocketProcessorBase.java:49)
	at org.apache.tomcat.util.threads.ThreadPoolExecutor.runWorker(ThreadPoolExecutor.java:1191)
	at org.apache.tomcat.util.threads.ThreadPoolExecutor$Worker.run(ThreadPoolExecutor.java:659)
	at org.apache.tomcat.util.threads.TaskThread$WrappingRunnable.run(TaskThread.java:61)
	at java.base/java.lang.Thread.run(Thread.java:832)
2021-12-13 17:03:38,661 INFO com.datn.doffice.utils.ResponseUtil [http-nio-8091-exec-7] RequestNotFoundException
2021-12-13 17:05:08,347 ERROR com.datn.doffice.config.security.JwtAuthenticationController [http-nio-8091-exec-8] JWT strings must contain exactly 2 period characters. Found: 0
io.jsonwebtoken.MalformedJwtException: JWT strings must contain exactly 2 period characters. Found: 0
	at io.jsonwebtoken.impl.DefaultJwtParser.parse(DefaultJwtParser.java:235)
	at io.jsonwebtoken.impl.DefaultJwtParser.parse(DefaultJwtParser.java:481)
	at io.jsonwebtoken.impl.DefaultJwtParser.parseClaimsJws(DefaultJwtParser.java:541)
	at com.datn.doffice.config.security.JwtUtils.getAllClaimsFromToken(JwtUtils.java:29)
	at com.datn.doffice.config.security.JwtUtils.getClaimFromToken(JwtUtils.java:33)
	at com.datn.doffice.config.security.JwtUtils.getUsernameFromToken(JwtUtils.java:39)
	at com.datn.doffice.config.security.JwtAuthenticationController.validateToken(JwtAuthenticationController.java:51)
	at java.base/jdk.internal.reflect.NativeMethodAccessorImpl.invoke0(Native Method)
	at java.base/jdk.internal.reflect.NativeMethodAccessorImpl.invoke(NativeMethodAccessorImpl.java:62)
	at java.base/jdk.internal.reflect.DelegatingMethodAccessorImpl.invoke(DelegatingMethodAccessorImpl.java:43)
	at java.base/java.lang.reflect.Method.invoke(Method.java:564)
	at org.springframework.web.method.support.InvocableHandlerMethod.doInvoke(InvocableHandlerMethod.java:205)
	at org.springframework.web.method.support.InvocableHandlerMethod.invokeForRequest(InvocableHandlerMethod.java:150)
	at org.springframework.web.servlet.mvc.method.annotation.ServletInvocableHandlerMethod.invokeAndHandle(ServletInvocableHandlerMethod.java:117)
	at org.springframework.web.servlet.mvc.method.annotation.RequestMappingHandlerAdapter.invokeHandlerMethod(RequestMappingHandlerAdapter.java:895)
	at org.springframework.web.servlet.mvc.method.annotation.RequestMappingHandlerAdapter.handleInternal(RequestMappingHandlerAdapter.java:808)
	at org.springframework.web.servlet.mvc.method.AbstractHandlerMethodAdapter.handle(AbstractHandlerMethodAdapter.java:87)
	at org.springframework.web.servlet.DispatcherServlet.doDispatch(DispatcherServlet.java:1067)
	at org.springframework.web.servlet.DispatcherServlet.doService(DispatcherServlet.java:963)
	at org.springframework.web.servlet.FrameworkServlet.processRequest(FrameworkServlet.java:1006)
	at org.springframework.web.servlet.FrameworkServlet.doGet(FrameworkServlet.java:898)
	at javax.servlet.http.HttpServlet.service(HttpServlet.java:655)
	at org.springframework.web.servlet.FrameworkServlet.service(FrameworkServlet.java:883)
	at javax.servlet.http.HttpServlet.service(HttpServlet.java:764)
	at org.apache.catalina.core.ApplicationFilterChain.internalDoFilter(ApplicationFilterChain.java:227)
	at org.apache.catalina.core.ApplicationFilterChain.doFilter(ApplicationFilterChain.java:162)
	at org.apache.tomcat.websocket.server.WsFilter.doFilter(WsFilter.java:53)
	at org.apache.catalina.core.ApplicationFilterChain.internalDoFilter(ApplicationFilterChain.java:189)
	at org.apache.catalina.core.ApplicationFilterChain.doFilter(ApplicationFilterChain.java:162)
	at org.springframework.web.filter.OncePerRequestFilter.doFilter(OncePerRequestFilter.java:113)
	at org.apache.catalina.core.ApplicationFilterChain.internalDoFilter(ApplicationFilterChain.java:189)
	at org.apache.catalina.core.ApplicationFilterChain.doFilter(ApplicationFilterChain.java:162)
	at org.springframework.security.web.FilterChainProxy$VirtualFilterChain.doFilter(FilterChainProxy.java:327)
	at org.springframework.security.web.access.ExceptionTranslationFilter.doFilter(ExceptionTranslationFilter.java:121)
	at org.springframework.security.web.access.ExceptionTranslationFilter.doFilter(ExceptionTranslationFilter.java:115)
	at org.springframework.security.web.FilterChainProxy$VirtualFilterChain.doFilter(FilterChainProxy.java:336)
	at org.springframework.security.web.session.SessionManagementFilter.doFilter(SessionManagementFilter.java:126)
	at org.springframework.security.web.session.SessionManagementFilter.doFilter(SessionManagementFilter.java:81)
	at org.springframework.security.web.FilterChainProxy$VirtualFilterChain.doFilter(FilterChainProxy.java:336)
	at org.springframework.security.web.authentication.AnonymousAuthenticationFilter.doFilter(AnonymousAuthenticationFilter.java:105)
	at org.springframework.security.web.FilterChainProxy$VirtualFilterChain.doFilter(FilterChainProxy.java:336)
	at org.springframework.security.web.servletapi.SecurityContextHolderAwareRequestFilter.doFilter(SecurityContextHolderAwareRequestFilter.java:149)
	at org.springframework.security.web.FilterChainProxy$VirtualFilterChain.doFilter(FilterChainProxy.java:336)
	at org.springframework.security.web.savedrequest.RequestCacheAwareFilter.doFilter(RequestCacheAwareFilter.java:63)
	at org.springframework.security.web.FilterChainProxy$VirtualFilterChain.doFilter(FilterChainProxy.java:336)
	at com.datn.doffice.config.security.JwtTokenFilter.doFilterInternal(JwtTokenFilter.java:59)
	at org.springframework.web.filter.OncePerRequestFilter.doFilter(OncePerRequestFilter.java:119)
	at org.springframework.security.web.FilterChainProxy$VirtualFilterChain.doFilter(FilterChainProxy.java:336)
	at org.springframework.security.web.authentication.logout.LogoutFilter.doFilter(LogoutFilter.java:103)
	at org.springframework.security.web.authentication.logout.LogoutFilter.doFilter(LogoutFilter.java:89)
	at org.springframework.security.web.FilterChainProxy$VirtualFilterChain.doFilter(FilterChainProxy.java:336)
	at org.springframework.security.web.csrf.CsrfFilter.doFilterInternal(CsrfFilter.java:117)
	at org.springframework.web.filter.OncePerRequestFilter.doFilter(OncePerRequestFilter.java:119)
	at org.springframework.security.web.FilterChainProxy$VirtualFilterChain.doFilter(FilterChainProxy.java:336)
	at org.springframework.web.filter.CorsFilter.doFilterInternal(CorsFilter.java:91)
	at org.springframework.web.filter.OncePerRequestFilter.doFilter(OncePerRequestFilter.java:119)
	at org.springframework.security.web.FilterChainProxy$VirtualFilterChain.doFilter(FilterChainProxy.java:336)
	at org.springframework.security.web.header.HeaderWriterFilter.doHeadersAfter(HeaderWriterFilter.java:90)
	at org.springframework.security.web.header.HeaderWriterFilter.doFilterInternal(HeaderWriterFilter.java:75)
	at org.springframework.web.filter.OncePerRequestFilter.doFilter(OncePerRequestFilter.java:119)
	at org.springframework.security.web.FilterChainProxy$VirtualFilterChain.doFilter(FilterChainProxy.java:336)
	at org.springframework.security.web.context.SecurityContextPersistenceFilter.doFilter(SecurityContextPersistenceFilter.java:110)
	at org.springframework.security.web.context.SecurityContextPersistenceFilter.doFilter(SecurityContextPersistenceFilter.java:80)
	at org.springframework.security.web.FilterChainProxy$VirtualFilterChain.doFilter(FilterChainProxy.java:336)
	at org.springframework.security.web.context.request.async.WebAsyncManagerIntegrationFilter.doFilterInternal(WebAsyncManagerIntegrationFilter.java:55)
	at org.springframework.web.filter.OncePerRequestFilter.doFilter(OncePerRequestFilter.java:119)
	at org.springframework.security.web.FilterChainProxy$VirtualFilterChain.doFilter(FilterChainProxy.java:336)
	at org.springframework.security.web.FilterChainProxy.doFilterInternal(FilterChainProxy.java:211)
	at org.springframework.security.web.FilterChainProxy.doFilter(FilterChainProxy.java:183)
	at org.springframework.web.filter.DelegatingFilterProxy.invokeDelegate(DelegatingFilterProxy.java:358)
	at org.springframework.web.filter.DelegatingFilterProxy.doFilter(DelegatingFilterProxy.java:271)
	at org.apache.catalina.core.ApplicationFilterChain.internalDoFilter(ApplicationFilterChain.java:189)
	at org.apache.catalina.core.ApplicationFilterChain.doFilter(ApplicationFilterChain.java:162)
	at org.springframework.web.filter.RequestContextFilter.doFilterInternal(RequestContextFilter.java:100)
	at org.springframework.web.filter.OncePerRequestFilter.doFilter(OncePerRequestFilter.java:119)
	at org.apache.catalina.core.ApplicationFilterChain.internalDoFilter(ApplicationFilterChain.java:189)
	at org.apache.catalina.core.ApplicationFilterChain.doFilter(ApplicationFilterChain.java:162)
	at org.springframework.web.filter.FormContentFilter.doFilterInternal(FormContentFilter.java:93)
	at org.springframework.web.filter.OncePerRequestFilter.doFilter(OncePerRequestFilter.java:119)
	at org.apache.catalina.core.ApplicationFilterChain.internalDoFilter(ApplicationFilterChain.java:189)
	at org.apache.catalina.core.ApplicationFilterChain.doFilter(ApplicationFilterChain.java:162)
	at org.springframework.web.filter.CharacterEncodingFilter.doFilterInternal(CharacterEncodingFilter.java:201)
	at org.springframework.web.filter.OncePerRequestFilter.doFilter(OncePerRequestFilter.java:119)
	at org.apache.catalina.core.ApplicationFilterChain.internalDoFilter(ApplicationFilterChain.java:189)
	at org.apache.catalina.core.ApplicationFilterChain.doFilter(ApplicationFilterChain.java:162)
	at org.apache.catalina.core.StandardWrapperValve.invoke(StandardWrapperValve.java:197)
	at org.apache.catalina.core.StandardContextValve.invoke(StandardContextValve.java:97)
	at org.apache.catalina.authenticator.AuthenticatorBase.invoke(AuthenticatorBase.java:540)
	at org.apache.catalina.core.StandardHostValve.invoke(StandardHostValve.java:135)
	at org.apache.catalina.valves.ErrorReportValve.invoke(ErrorReportValve.java:92)
	at org.apache.catalina.core.StandardEngineValve.invoke(StandardEngineValve.java:78)
	at org.apache.catalina.connector.CoyoteAdapter.service(CoyoteAdapter.java:357)
	at org.apache.coyote.http11.Http11Processor.service(Http11Processor.java:382)
	at org.apache.coyote.AbstractProcessorLight.process(AbstractProcessorLight.java:65)
	at org.apache.coyote.AbstractProtocol$ConnectionHandler.process(AbstractProtocol.java:895)
	at org.apache.tomcat.util.net.NioEndpoint$SocketProcessor.doRun(NioEndpoint.java:1722)
	at org.apache.tomcat.util.net.SocketProcessorBase.run(SocketProcessorBase.java:49)
	at org.apache.tomcat.util.threads.ThreadPoolExecutor.runWorker(ThreadPoolExecutor.java:1191)
	at org.apache.tomcat.util.threads.ThreadPoolExecutor$Worker.run(ThreadPoolExecutor.java:659)
	at org.apache.tomcat.util.threads.TaskThread$WrappingRunnable.run(TaskThread.java:61)
	at java.base/java.lang.Thread.run(Thread.java:832)
2021-12-13 17:05:17,271 INFO com.datn.doffice.utils.ResponseUtil [http-nio-8091-exec-4] RequestNotFoundException
2021-12-13 17:55:11,819 INFO com.mongodb.diagnostics.logging.SLF4JLogger [cluster-ClusterId{value='61b7189b0d92c779d6202015', description='null'}-178.128.19.31:27017] Exception in monitor thread while connecting to server 178.128.19.31:27017
com.mongodb.MongoSocketReadTimeoutException: Timeout while receiving message
	at com.mongodb.internal.connection.InternalStreamConnection.translateReadException(InternalStreamConnection.java:630)
	at com.mongodb.internal.connection.InternalStreamConnection.receiveMessageWithAdditionalTimeout(InternalStreamConnection.java:515)
	at com.mongodb.internal.connection.InternalStreamConnection.receiveCommandMessageResponse(InternalStreamConnection.java:355)
	at com.mongodb.internal.connection.InternalStreamConnection.receive(InternalStreamConnection.java:315)
	at com.mongodb.internal.connection.DefaultServerMonitor$ServerMonitorRunnable.lookupServerDescription(DefaultServerMonitor.java:215)
	at com.mongodb.internal.connection.DefaultServerMonitor$ServerMonitorRunnable.run(DefaultServerMonitor.java:144)
	at java.base/java.lang.Thread.run(Thread.java:832)
Caused by: java.net.SocketTimeoutException: Read timed out
	at java.base/sun.nio.ch.NioSocketImpl.timedRead(NioSocketImpl.java:283)
	at java.base/sun.nio.ch.NioSocketImpl.implRead(NioSocketImpl.java:309)
	at java.base/sun.nio.ch.NioSocketImpl.read(NioSocketImpl.java:350)
	at java.base/sun.nio.ch.NioSocketImpl$1.read(NioSocketImpl.java:803)
	at java.base/java.net.Socket$SocketInputStream.read(Socket.java:982)
	at com.mongodb.internal.connection.SocketStream.read(SocketStream.java:109)
	at com.mongodb.internal.connection.SocketStream.read(SocketStream.java:131)
	at com.mongodb.internal.connection.InternalStreamConnection.receiveResponseBuffers(InternalStreamConnection.java:647)
	at com.mongodb.internal.connection.InternalStreamConnection.receiveMessageWithAdditionalTimeout(InternalStreamConnection.java:512)
	... 5 common frames omitted
2021-12-13 17:55:13,056 INFO com.mongodb.diagnostics.logging.SLF4JLogger [http-nio-8091-exec-7] Closed connection [connectionId{localValue:6, serverValue:10212}] to 178.128.19.31:27017 because there was a socket exception raised by this connection.
2021-12-13 17:55:13,056 INFO com.mongodb.diagnostics.logging.SLF4JLogger [http-nio-8091-exec-5] Closed connection [connectionId{localValue:3, serverValue:10209}] to 178.128.19.31:27017 because there was a socket exception raised by this connection.
2021-12-13 17:55:13,056 INFO com.mongodb.diagnostics.logging.SLF4JLogger [http-nio-8091-exec-8] Closed connection [connectionId{localValue:5, serverValue:10213}] to 178.128.19.31:27017 because there was a socket exception raised by this connection.
2021-12-13 17:55:13,056 INFO com.mongodb.diagnostics.logging.SLF4JLogger [http-nio-8091-exec-9] Closed connection [connectionId{localValue:4, serverValue:10210}] to 178.128.19.31:27017 because there was a socket exception raised by this connection.
2021-12-13 17:55:13,056 INFO com.mongodb.diagnostics.logging.SLF4JLogger [http-nio-8091-exec-6] Closed connection [connectionId{localValue:8, serverValue:10214}] to 178.128.19.31:27017 because there was a socket exception raised by this connection.
2021-12-13 17:55:13,056 INFO com.mongodb.diagnostics.logging.SLF4JLogger [http-nio-8091-exec-2] Closed connection [connectionId{localValue:7, serverValue:10211}] to 178.128.19.31:27017 because there was a socket exception raised by this connection.
2021-12-13 17:55:13,058 INFO com.mongodb.diagnostics.logging.SLF4JLogger [http-nio-8091-exec-9] No server chosen by ReadPreferenceServerSelector{readPreference=primary} from cluster description ClusterDescription{type=UNKNOWN, connectionMode=SINGLE, serverDescriptions=[ServerDescription{address=178.128.19.31:27017, type=UNKNOWN, state=CONNECTING, exception={com.mongodb.MongoSocketReadTimeoutException: Timeout while receiving message}, caused by {java.net.SocketTimeoutException: Read timed out}}]}. Waiting for 30000 ms before timing out
2021-12-13 17:55:13,058 INFO com.mongodb.diagnostics.logging.SLF4JLogger [http-nio-8091-exec-8] No server chosen by ReadPreferenceServerSelector{readPreference=primary} from cluster description ClusterDescription{type=UNKNOWN, connectionMode=SINGLE, serverDescriptions=[ServerDescription{address=178.128.19.31:27017, type=UNKNOWN, state=CONNECTING, exception={com.mongodb.MongoSocketReadTimeoutException: Timeout while receiving message}, caused by {java.net.SocketTimeoutException: Read timed out}}]}. Waiting for 30000 ms before timing out
2021-12-13 17:55:13,058 INFO com.mongodb.diagnostics.logging.SLF4JLogger [http-nio-8091-exec-7] No server chosen by ReadPreferenceServerSelector{readPreference=primary} from cluster description ClusterDescription{type=UNKNOWN, connectionMode=SINGLE, serverDescriptions=[ServerDescription{address=178.128.19.31:27017, type=UNKNOWN, state=CONNECTING, exception={com.mongodb.MongoSocketReadTimeoutException: Timeout while receiving message}, caused by {java.net.SocketTimeoutException: Read timed out}}]}. Waiting for 30000 ms before timing out
2021-12-13 17:55:13,059 INFO com.mongodb.diagnostics.logging.SLF4JLogger [http-nio-8091-exec-2] No server chosen by ReadPreferenceServerSelector{readPreference=primary} from cluster description ClusterDescription{type=UNKNOWN, connectionMode=SINGLE, serverDescriptions=[ServerDescription{address=178.128.19.31:27017, type=UNKNOWN, state=CONNECTING, exception={com.mongodb.MongoSocketReadTimeoutException: Timeout while receiving message}, caused by {java.net.SocketTimeoutException: Read timed out}}]}. Waiting for 30000 ms before timing out
2021-12-13 17:55:13,059 INFO com.mongodb.diagnostics.logging.SLF4JLogger [http-nio-8091-exec-6] No server chosen by ReadPreferenceServerSelector{readPreference=primary} from cluster description ClusterDescription{type=UNKNOWN, connectionMode=SINGLE, serverDescriptions=[ServerDescription{address=178.128.19.31:27017, type=UNKNOWN, state=CONNECTING, exception={com.mongodb.MongoSocketReadTimeoutException: Timeout while receiving message}, caused by {java.net.SocketTimeoutException: Read timed out}}]}. Waiting for 30000 ms before timing out
2021-12-13 17:55:13,059 INFO com.mongodb.diagnostics.logging.SLF4JLogger [http-nio-8091-exec-5] No server chosen by ReadPreferenceServerSelector{readPreference=primary} from cluster description ClusterDescription{type=UNKNOWN, connectionMode=SINGLE, serverDescriptions=[ServerDescription{address=178.128.19.31:27017, type=UNKNOWN, state=CONNECTING, exception={com.mongodb.MongoSocketReadTimeoutException: Timeout while receiving message}, caused by {java.net.SocketTimeoutException: Read timed out}}]}. Waiting for 30000 ms before timing out
2021-12-13 17:55:14,955 INFO com.mongodb.diagnostics.logging.SLF4JLogger [cluster-ClusterId{value='61b7189b0d92c779d6202015', description='null'}-178.128.19.31:27017] Opened connection [connectionId{localValue:9, serverValue:10227}] to 178.128.19.31:27017
2021-12-13 17:55:14,960 INFO com.mongodb.diagnostics.logging.SLF4JLogger [cluster-rtt-ClusterId{value='61b7189b0d92c779d6202015', description='null'}-178.128.19.31:27017] Opened connection [connectionId{localValue:10, serverValue:10228}] to 178.128.19.31:27017
2021-12-13 17:55:15,035 INFO com.mongodb.diagnostics.logging.SLF4JLogger [cluster-ClusterId{value='61b7189b0d92c779d6202015', description='null'}-178.128.19.31:27017] Monitor thread successfully connected to server with description ServerDescription{address=178.128.19.31:27017, type=REPLICA_SET_PRIMARY, state=CONNECTED, ok=true, minWireVersion=0, maxWireVersion=9, maxDocumentSize=16777216, logicalSessionTimeoutMinutes=30, roundTripTimeNanos=52897400, setName='reps0', canonicalAddress=127.0.0.1:27017, hosts=[127.0.0.1:27017], passives=[], arbiters=[], primary='127.0.0.1:27017', tagSet=TagSet{[]}, electionId=7fffffff000000000000000e, setVersion=1, topologyVersion=TopologyVersion{processId=61824065b32f7a93cc0ee417, counter=6}, lastWriteDate=Mon Dec 13 17:55:05 ICT 2021, lastUpdateTimeNanos=204493601211600}
2021-12-13 17:55:15,501 INFO com.mongodb.diagnostics.logging.SLF4JLogger [http-nio-8091-exec-8] Opened connection [connectionId{localValue:15, serverValue:10229}] to 178.128.19.31:27017
2021-12-13 17:55:15,503 INFO com.mongodb.diagnostics.logging.SLF4JLogger [http-nio-8091-exec-2] Opened connection [connectionId{localValue:14, serverValue:10232}] to 178.128.19.31:27017
2021-12-13 17:55:15,509 INFO com.mongodb.diagnostics.logging.SLF4JLogger [http-nio-8091-exec-6] Opened connection [connectionId{localValue:16, serverValue:10233}] to 178.128.19.31:27017
2021-12-13 17:55:15,517 INFO com.mongodb.diagnostics.logging.SLF4JLogger [http-nio-8091-exec-9] Opened connection [connectionId{localValue:13, serverValue:10234}] to 178.128.19.31:27017
2021-12-13 17:55:15,540 INFO com.mongodb.diagnostics.logging.SLF4JLogger [http-nio-8091-exec-7] Opened connection [connectionId{localValue:12, serverValue:10230}] to 178.128.19.31:27017
2021-12-13 17:55:15,540 INFO com.mongodb.diagnostics.logging.SLF4JLogger [http-nio-8091-exec-5] Opened connection [connectionId{localValue:11, serverValue:10231}] to 178.128.19.31:27017
2021-12-13 18:14:58,675 ERROR org.apache.juli.logging.DirectJDKLog [http-nio-8091-exec-3] Servlet.service() for servlet [dispatcherServlet] in context with path [] threw exception
java.lang.IllegalStateException: getOutputStream() has already been called for this response
	at org.apache.catalina.connector.Response.getWriter(Response.java:584)
	at org.apache.catalina.connector.ResponseFacade.getWriter(ResponseFacade.java:227)
	at javax.servlet.ServletResponseWrapper.getWriter(ServletResponseWrapper.java:114)
	at javax.servlet.ServletResponseWrapper.getWriter(ServletResponseWrapper.java:114)
	at org.springframework.security.web.util.OnCommittedResponseWrapper.getWriter(OnCommittedResponseWrapper.java:156)
	at com.datn.doffice.utils.ResponseUtil.writeException(ResponseUtil.java:66)
	at com.datn.doffice.config.security.JwtTokenFilter.doFilterInternal(JwtTokenFilter.java:65)
	at org.springframework.web.filter.OncePerRequestFilter.doFilter(OncePerRequestFilter.java:119)
	at org.springframework.security.web.FilterChainProxy$VirtualFilterChain.doFilter(FilterChainProxy.java:336)
	at org.springframework.security.web.authentication.logout.LogoutFilter.doFilter(LogoutFilter.java:103)
	at org.springframework.security.web.authentication.logout.LogoutFilter.doFilter(LogoutFilter.java:89)
	at org.springframework.security.web.FilterChainProxy$VirtualFilterChain.doFilter(FilterChainProxy.java:336)
	at org.springframework.security.web.csrf.CsrfFilter.doFilterInternal(CsrfFilter.java:117)
	at org.springframework.web.filter.OncePerRequestFilter.doFilter(OncePerRequestFilter.java:119)
	at org.springframework.security.web.FilterChainProxy$VirtualFilterChain.doFilter(FilterChainProxy.java:336)
	at org.springframework.web.filter.CorsFilter.doFilterInternal(CorsFilter.java:91)
	at org.springframework.web.filter.OncePerRequestFilter.doFilter(OncePerRequestFilter.java:119)
	at org.springframework.security.web.FilterChainProxy$VirtualFilterChain.doFilter(FilterChainProxy.java:336)
	at org.springframework.security.web.header.HeaderWriterFilter.doHeadersAfter(HeaderWriterFilter.java:90)
	at org.springframework.security.web.header.HeaderWriterFilter.doFilterInternal(HeaderWriterFilter.java:75)
	at org.springframework.web.filter.OncePerRequestFilter.doFilter(OncePerRequestFilter.java:119)
	at org.springframework.security.web.FilterChainProxy$VirtualFilterChain.doFilter(FilterChainProxy.java:336)
	at org.springframework.security.web.context.SecurityContextPersistenceFilter.doFilter(SecurityContextPersistenceFilter.java:110)
	at org.springframework.security.web.context.SecurityContextPersistenceFilter.doFilter(SecurityContextPersistenceFilter.java:80)
	at org.springframework.security.web.FilterChainProxy$VirtualFilterChain.doFilter(FilterChainProxy.java:336)
	at org.springframework.security.web.context.request.async.WebAsyncManagerIntegrationFilter.doFilterInternal(WebAsyncManagerIntegrationFilter.java:55)
	at org.springframework.web.filter.OncePerRequestFilter.doFilter(OncePerRequestFilter.java:119)
	at org.springframework.security.web.FilterChainProxy$VirtualFilterChain.doFilter(FilterChainProxy.java:336)
	at org.springframework.security.web.FilterChainProxy.doFilterInternal(FilterChainProxy.java:211)
	at org.springframework.security.web.FilterChainProxy.doFilter(FilterChainProxy.java:183)
	at org.springframework.web.filter.DelegatingFilterProxy.invokeDelegate(DelegatingFilterProxy.java:358)
	at org.springframework.web.filter.DelegatingFilterProxy.doFilter(DelegatingFilterProxy.java:271)
	at org.apache.catalina.core.ApplicationFilterChain.internalDoFilter(ApplicationFilterChain.java:189)
	at org.apache.catalina.core.ApplicationFilterChain.doFilter(ApplicationFilterChain.java:162)
	at org.springframework.web.filter.RequestContextFilter.doFilterInternal(RequestContextFilter.java:100)
	at org.springframework.web.filter.OncePerRequestFilter.doFilter(OncePerRequestFilter.java:119)
	at org.apache.catalina.core.ApplicationFilterChain.internalDoFilter(ApplicationFilterChain.java:189)
	at org.apache.catalina.core.ApplicationFilterChain.doFilter(ApplicationFilterChain.java:162)
	at org.springframework.web.filter.FormContentFilter.doFilterInternal(FormContentFilter.java:93)
	at org.springframework.web.filter.OncePerRequestFilter.doFilter(OncePerRequestFilter.java:119)
	at org.apache.catalina.core.ApplicationFilterChain.internalDoFilter(ApplicationFilterChain.java:189)
	at org.apache.catalina.core.ApplicationFilterChain.doFilter(ApplicationFilterChain.java:162)
	at org.springframework.web.filter.CharacterEncodingFilter.doFilterInternal(CharacterEncodingFilter.java:201)
	at org.springframework.web.filter.OncePerRequestFilter.doFilter(OncePerRequestFilter.java:119)
	at org.apache.catalina.core.ApplicationFilterChain.internalDoFilter(ApplicationFilterChain.java:189)
	at org.apache.catalina.core.ApplicationFilterChain.doFilter(ApplicationFilterChain.java:162)
	at org.apache.catalina.core.StandardWrapperValve.invoke(StandardWrapperValve.java:197)
	at org.apache.catalina.core.StandardContextValve.invoke(StandardContextValve.java:97)
	at org.apache.catalina.authenticator.AuthenticatorBase.invoke(AuthenticatorBase.java:540)
	at org.apache.catalina.core.StandardHostValve.invoke(StandardHostValve.java:135)
	at org.apache.catalina.valves.ErrorReportValve.invoke(ErrorReportValve.java:92)
	at org.apache.catalina.core.StandardEngineValve.invoke(StandardEngineValve.java:78)
	at org.apache.catalina.connector.CoyoteAdapter.service(CoyoteAdapter.java:357)
	at org.apache.coyote.http11.Http11Processor.service(Http11Processor.java:382)
	at org.apache.coyote.AbstractProcessorLight.process(AbstractProcessorLight.java:65)
	at org.apache.coyote.AbstractProtocol$ConnectionHandler.process(AbstractProtocol.java:895)
	at org.apache.tomcat.util.net.NioEndpoint$SocketProcessor.doRun(NioEndpoint.java:1722)
	at org.apache.tomcat.util.net.SocketProcessorBase.run(SocketProcessorBase.java:49)
	at org.apache.tomcat.util.threads.ThreadPoolExecutor.runWorker(ThreadPoolExecutor.java:1191)
	at org.apache.tomcat.util.threads.ThreadPoolExecutor$Worker.run(ThreadPoolExecutor.java:659)
	at org.apache.tomcat.util.threads.TaskThread$WrappingRunnable.run(TaskThread.java:61)
	at java.base/java.lang.Thread.run(Thread.java:832)
2021-12-13 19:34:10,235 INFO org.springframework.boot.StartupInfoLogger [restartedMain] Starting DigitalOfficeBackendApplication using Java 14.0.2 on HuyND with PID 3828 (C:\Spring tool\source\digital-office-backend\target\classes started by pytha in C:\Spring tool\source\digital-office-backend)
2021-12-13 19:34:10,236 DEBUG org.springframework.boot.StartupInfoLogger [restartedMain] Running with Spring Boot v2.5.6, Spring v5.3.12
2021-12-13 19:34:10,236 INFO org.springframework.boot.SpringApplication [restartedMain] No active profile set, falling back to default profiles: default
2021-12-13 19:34:11,265 INFO org.springframework.data.repository.config.RepositoryConfigurationDelegate [restartedMain] Multiple Spring Data modules found, entering strict repository configuration mode!
2021-12-13 19:34:11,265 INFO org.springframework.data.repository.config.RepositoryConfigurationDelegate [restartedMain] Bootstrapping Spring Data MongoDB repositories in DEFAULT mode.
2021-12-13 19:34:11,269 INFO org.springframework.data.repository.config.RepositoryConfigurationDelegate [restartedMain] Finished Spring Data repository scanning in 3 ms. Found 0 MongoDB repository interfaces.
2021-12-13 19:34:11,377 INFO org.springframework.data.repository.config.RepositoryConfigurationDelegate [restartedMain] Multiple Spring Data modules found, entering strict repository configuration mode!
2021-12-13 19:34:11,378 INFO org.springframework.data.repository.config.RepositoryConfigurationDelegate [restartedMain] Bootstrapping Spring Data Redis repositories in DEFAULT mode.
2021-12-13 19:34:11,419 INFO org.springframework.data.repository.config.RepositoryConfigurationDelegate [restartedMain] Finished Spring Data repository scanning in 40 ms. Found 0 Redis repository interfaces.
2021-12-13 19:34:11,599 INFO org.springframework.context.support.PostProcessorRegistrationDelegate$BeanPostProcessorChecker [restartedMain] Bean 'org.springframework.security.access.expression.method.DefaultMethodSecurityExpressionHandler@14f18591' of type [org.springframework.security.access.expression.method.DefaultMethodSecurityExpressionHandler] is not eligible for getting processed by all BeanPostProcessors (for example: not eligible for auto-proxying)
2021-12-13 19:34:11,601 INFO org.springframework.context.support.PostProcessorRegistrationDelegate$BeanPostProcessorChecker [restartedMain] Bean 'methodSecurityMetadataSource' of type [org.springframework.security.access.method.DelegatingMethodSecurityMetadataSource] is not eligible for getting processed by all BeanPostProcessors (for example: not eligible for auto-proxying)
2021-12-13 19:34:11,967 INFO org.springframework.boot.web.embedded.tomcat.TomcatWebServer [restartedMain] Tomcat initialized with port(s): 8091 (http)
2021-12-13 19:34:11,972 INFO org.apache.juli.logging.DirectJDKLog [restartedMain] Initializing ProtocolHandler ["http-nio-8091"]
2021-12-13 19:34:11,972 INFO org.apache.juli.logging.DirectJDKLog [restartedMain] Starting service [Tomcat]
2021-12-13 19:34:11,972 INFO org.apache.juli.logging.DirectJDKLog [restartedMain] Starting Servlet engine: [Apache Tomcat/9.0.54]
2021-12-13 19:34:12,030 INFO org.apache.juli.logging.DirectJDKLog [restartedMain] Initializing Spring embedded WebApplicationContext
2021-12-13 19:34:12,031 INFO org.springframework.boot.web.servlet.context.ServletWebServerApplicationContext [restartedMain] Root WebApplicationContext: initialization completed in 1785 ms
2021-12-13 19:34:12,093 INFO com.mongodb.diagnostics.logging.SLF4JLogger [restartedMain] Cluster created with settings {hosts=[178.128.19.31:27017], mode=SINGLE, requiredClusterType=UNKNOWN, serverSelectionTimeout='30000 ms'}
2021-12-13 19:34:12,195 INFO com.mongodb.diagnostics.logging.SLF4JLogger [cluster-ClusterId{value='61b73dc40d92c779d620201e', description='null'}-178.128.19.31:27017] Opened connection [connectionId{localValue:17, serverValue:10235}] to 178.128.19.31:27017
2021-12-13 19:34:12,202 INFO com.mongodb.diagnostics.logging.SLF4JLogger [cluster-rtt-ClusterId{value='61b73dc40d92c779d620201e', description='null'}-178.128.19.31:27017] Opened connection [connectionId{localValue:18, serverValue:10236}] to 178.128.19.31:27017
2021-12-13 19:34:12,203 INFO com.mongodb.diagnostics.logging.SLF4JLogger [cluster-ClusterId{value='61b73dc40d92c779d620201e', description='null'}-178.128.19.31:27017] Monitor thread successfully connected to server with description ServerDescription{address=178.128.19.31:27017, type=REPLICA_SET_PRIMARY, state=CONNECTED, ok=true, minWireVersion=0, maxWireVersion=9, maxDocumentSize=16777216, logicalSessionTimeoutMinutes=30, roundTripTimeNanos=50195700, setName='reps0', canonicalAddress=127.0.0.1:27017, hosts=[127.0.0.1:27017], passives=[], arbiters=[], primary='127.0.0.1:27017', tagSet=TagSet{[]}, electionId=7fffffff000000000000000e, setVersion=1, topologyVersion=TopologyVersion{processId=61824065b32f7a93cc0ee417, counter=6}, lastWriteDate=Mon Dec 13 19:34:05 ICT 2021, lastUpdateTimeNanos=210430841485900}
2021-12-13 19:34:12,648 DEBUG org.springframework.web.filter.GenericFilterBean [restartedMain] Filter 'jwtTokenFilter' configured for use
2021-12-13 19:34:13,039 INFO org.springframework.security.web.DefaultSecurityFilterChain [restartedMain] Will secure any request with [org.springframework.security.web.context.request.async.WebAsyncManagerIntegrationFilter@20023428, org.springframework.security.web.context.SecurityContextPersistenceFilter@517b35f8, org.springframework.security.web.header.HeaderWriterFilter@6e774a12, org.springframework.web.filter.CorsFilter@5ba60222, org.springframework.security.web.csrf.CsrfFilter@c59754a, org.springframework.security.web.authentication.logout.LogoutFilter@2f1b1e76, com.datn.doffice.config.security.JwtTokenFilter@48e302f2, org.springframework.security.web.savedrequest.RequestCacheAwareFilter@4c7349c6, org.springframework.security.web.servletapi.SecurityContextHolderAwareRequestFilter@1880bd80, org.springframework.security.web.authentication.AnonymousAuthenticationFilter@2cb95f8e, org.springframework.security.web.session.SessionManagementFilter@164ff15e, org.springframework.security.web.access.ExceptionTranslationFilter@6a8ef372]
2021-12-13 19:34:13,491 INFO org.springframework.boot.devtools.autoconfigure.OptionalLiveReloadServer [restartedMain] LiveReload server is running on port 35729
2021-12-13 19:34:13,505 INFO org.apache.juli.logging.DirectJDKLog [restartedMain] Starting ProtocolHandler ["http-nio-8091"]
2021-12-13 19:34:13,506 INFO org.springframework.boot.web.embedded.tomcat.TomcatWebServer [restartedMain] Tomcat started on port(s): 8091 (http) with context path ''
2021-12-13 19:34:13,512 INFO org.springframework.boot.StartupInfoLogger [restartedMain] Started DigitalOfficeBackendApplication in 3.461 seconds (JVM running for 9523.496)
2021-12-13 19:34:13,514 INFO org.springframework.boot.devtools.autoconfigure.ConditionEvaluationDeltaLoggingListener [restartedMain] Condition evaluation unchanged
2021-12-13 19:34:29,908 INFO org.apache.juli.logging.DirectJDKLog [http-nio-8091-exec-1] Initializing Spring DispatcherServlet 'dispatcherServlet'
2021-12-13 19:34:29,910 INFO org.springframework.web.servlet.FrameworkServlet [http-nio-8091-exec-1] Initializing Servlet 'dispatcherServlet'
2021-12-13 19:34:29,921 INFO org.springframework.web.servlet.FrameworkServlet [http-nio-8091-exec-1] Completed initialization in 11 ms
2021-12-13 19:34:30,364 INFO com.mongodb.diagnostics.logging.SLF4JLogger [http-nio-8091-exec-8] Opened connection [connectionId{localValue:22, serverValue:10240}] to 178.128.19.31:27017
2021-12-13 19:34:30,365 INFO com.mongodb.diagnostics.logging.SLF4JLogger [http-nio-8091-exec-6] Opened connection [connectionId{localValue:21, serverValue:10239}] to 178.128.19.31:27017
2021-12-13 19:34:30,408 INFO com.mongodb.diagnostics.logging.SLF4JLogger [http-nio-8091-exec-7] Opened connection [connectionId{localValue:19, serverValue:10237}] to 178.128.19.31:27017
2021-12-13 19:34:30,408 INFO com.mongodb.diagnostics.logging.SLF4JLogger [http-nio-8091-exec-10] Opened connection [connectionId{localValue:24, serverValue:10241}] to 178.128.19.31:27017
2021-12-13 19:34:30,408 INFO com.mongodb.diagnostics.logging.SLF4JLogger [http-nio-8091-exec-9] Opened connection [connectionId{localValue:20, serverValue:10238}] to 178.128.19.31:27017
2021-12-13 19:34:30,408 INFO com.mongodb.diagnostics.logging.SLF4JLogger [http-nio-8091-exec-3] Opened connection [connectionId{localValue:23, serverValue:10242}] to 178.128.19.31:27017
2021-12-13 19:38:19,738 ERROR com.datn.doffice.service.impl.MailServiceImpl [pool-3-thread-1] Authentication failed; nested exception is javax.mail.AuthenticationFailedException: 535-5.7.8 Username and Password not accepted. Learn more at
535 5.7.8  https://support.google.com/mail/?p=BadCredentials z4sm12883006pfh.15 - gsmtp

org.springframework.mail.MailAuthenticationException: Authentication failed; nested exception is javax.mail.AuthenticationFailedException: 535-5.7.8 Username and Password not accepted. Learn more at
535 5.7.8  https://support.google.com/mail/?p=BadCredentials z4sm12883006pfh.15 - gsmtp

	at org.springframework.mail.javamail.JavaMailSenderImpl.doSend(JavaMailSenderImpl.java:440)
	at org.springframework.mail.javamail.JavaMailSenderImpl.send(JavaMailSenderImpl.java:361)
	at org.springframework.mail.javamail.JavaMailSenderImpl.send(JavaMailSenderImpl.java:356)
	at com.datn.doffice.service.impl.MailServiceImpl.lambda$0(MailServiceImpl.java:101)
	at java.base/java.util.concurrent.Executors$RunnableAdapter.call(Executors.java:515)
	at java.base/java.util.concurrent.FutureTask.run(FutureTask.java:264)
	at java.base/java.util.concurrent.ScheduledThreadPoolExecutor$ScheduledFutureTask.run(ScheduledThreadPoolExecutor.java:304)
	at java.base/java.util.concurrent.ThreadPoolExecutor.runWorker(ThreadPoolExecutor.java:1130)
	at java.base/java.util.concurrent.ThreadPoolExecutor$Worker.run(ThreadPoolExecutor.java:630)
	at java.base/java.lang.Thread.run(Thread.java:832)
Caused by: javax.mail.AuthenticationFailedException: 535-5.7.8 Username and Password not accepted. Learn more at
535 5.7.8  https://support.google.com/mail/?p=BadCredentials z4sm12883006pfh.15 - gsmtp

	at com.sun.mail.smtp.SMTPTransport$Authenticator.authenticate(SMTPTransport.java:947)
	at com.sun.mail.smtp.SMTPTransport.authenticate(SMTPTransport.java:858)
	at com.sun.mail.smtp.SMTPTransport.protocolConnect(SMTPTransport.java:762)
	at javax.mail.Service.connect(Service.java:342)
	at org.springframework.mail.javamail.JavaMailSenderImpl.connectTransport(JavaMailSenderImpl.java:518)
	at org.springframework.mail.javamail.JavaMailSenderImpl.doSend(JavaMailSenderImpl.java:437)
	... 9 common frames omitted
2021-12-13 19:41:29,496 INFO org.springframework.boot.StartupInfoLogger [restartedMain] Starting DigitalOfficeBackendApplication using Java 14.0.2 on HuyND with PID 3828 (C:\Spring tool\source\digital-office-backend\target\classes started by pytha in C:\Spring tool\source\digital-office-backend)
2021-12-13 19:41:29,496 DEBUG org.springframework.boot.StartupInfoLogger [restartedMain] Running with Spring Boot v2.5.6, Spring v5.3.12
2021-12-13 19:41:29,496 INFO org.springframework.boot.SpringApplication [restartedMain] No active profile set, falling back to default profiles: default
2021-12-13 19:41:30,006 INFO org.springframework.data.repository.config.RepositoryConfigurationDelegate [restartedMain] Multiple Spring Data modules found, entering strict repository configuration mode!
2021-12-13 19:41:30,006 INFO org.springframework.data.repository.config.RepositoryConfigurationDelegate [restartedMain] Bootstrapping Spring Data MongoDB repositories in DEFAULT mode.
2021-12-13 19:41:30,010 INFO org.springframework.data.repository.config.RepositoryConfigurationDelegate [restartedMain] Finished Spring Data repository scanning in 3 ms. Found 0 MongoDB repository interfaces.
2021-12-13 19:41:30,060 INFO org.springframework.data.repository.config.RepositoryConfigurationDelegate [restartedMain] Multiple Spring Data modules found, entering strict repository configuration mode!
2021-12-13 19:41:30,060 INFO org.springframework.data.repository.config.RepositoryConfigurationDelegate [restartedMain] Bootstrapping Spring Data Redis repositories in DEFAULT mode.
2021-12-13 19:41:30,100 INFO org.springframework.data.repository.config.RepositoryConfigurationDelegate [restartedMain] Finished Spring Data repository scanning in 39 ms. Found 0 Redis repository interfaces.
2021-12-13 19:41:30,182 INFO org.springframework.context.support.PostProcessorRegistrationDelegate$BeanPostProcessorChecker [restartedMain] Bean 'org.springframework.security.access.expression.method.DefaultMethodSecurityExpressionHandler@38bbf73c' of type [org.springframework.security.access.expression.method.DefaultMethodSecurityExpressionHandler] is not eligible for getting processed by all BeanPostProcessors (for example: not eligible for auto-proxying)
2021-12-13 19:41:30,184 INFO org.springframework.context.support.PostProcessorRegistrationDelegate$BeanPostProcessorChecker [restartedMain] Bean 'methodSecurityMetadataSource' of type [org.springframework.security.access.method.DelegatingMethodSecurityMetadataSource] is not eligible for getting processed by all BeanPostProcessors (for example: not eligible for auto-proxying)
2021-12-13 19:41:30,322 INFO org.springframework.boot.web.embedded.tomcat.TomcatWebServer [restartedMain] Tomcat initialized with port(s): 8091 (http)
2021-12-13 19:41:30,323 INFO org.apache.juli.logging.DirectJDKLog [restartedMain] Initializing ProtocolHandler ["http-nio-8091"]
2021-12-13 19:41:30,323 INFO org.apache.juli.logging.DirectJDKLog [restartedMain] Starting service [Tomcat]
2021-12-13 19:41:30,323 INFO org.apache.juli.logging.DirectJDKLog [restartedMain] Starting Servlet engine: [Apache Tomcat/9.0.54]
2021-12-13 19:41:30,360 INFO org.apache.juli.logging.DirectJDKLog [restartedMain] Initializing Spring embedded WebApplicationContext
2021-12-13 19:41:30,361 INFO org.springframework.boot.web.servlet.context.ServletWebServerApplicationContext [restartedMain] Root WebApplicationContext: initialization completed in 860 ms
2021-12-13 19:41:30,378 INFO com.mongodb.diagnostics.logging.SLF4JLogger [restartedMain] Cluster created with settings {hosts=[178.128.19.31:27017], mode=SINGLE, requiredClusterType=UNKNOWN, serverSelectionTimeout='30000 ms'}
2021-12-13 19:41:30,604 INFO com.mongodb.diagnostics.logging.SLF4JLogger [cluster-rtt-ClusterId{value='61b73f7a0d92c779d620201f', description='null'}-178.128.19.31:27017] Opened connection [connectionId{localValue:26, serverValue:10244}] to 178.128.19.31:27017
2021-12-13 19:41:30,604 INFO com.mongodb.diagnostics.logging.SLF4JLogger [cluster-ClusterId{value='61b73f7a0d92c779d620201f', description='null'}-178.128.19.31:27017] Opened connection [connectionId{localValue:25, serverValue:10243}] to 178.128.19.31:27017
2021-12-13 19:41:30,605 INFO com.mongodb.diagnostics.logging.SLF4JLogger [cluster-ClusterId{value='61b73f7a0d92c779d620201f', description='null'}-178.128.19.31:27017] Monitor thread successfully connected to server with description ServerDescription{address=178.128.19.31:27017, type=REPLICA_SET_PRIMARY, state=CONNECTED, ok=true, minWireVersion=0, maxWireVersion=9, maxDocumentSize=16777216, logicalSessionTimeoutMinutes=30, roundTripTimeNanos=85320500, setName='reps0', canonicalAddress=127.0.0.1:27017, hosts=[127.0.0.1:27017], passives=[], arbiters=[], primary='127.0.0.1:27017', tagSet=TagSet{[]}, electionId=7fffffff000000000000000e, setVersion=1, topologyVersion=TopologyVersion{processId=61824065b32f7a93cc0ee417, counter=6}, lastWriteDate=Mon Dec 13 19:41:25 ICT 2021, lastUpdateTimeNanos=210869249897900}
2021-12-13 19:41:30,638 DEBUG org.springframework.web.filter.GenericFilterBean [restartedMain] Filter 'jwtTokenFilter' configured for use
2021-12-13 19:41:30,937 INFO org.springframework.security.web.DefaultSecurityFilterChain [restartedMain] Will secure any request with [org.springframework.security.web.context.request.async.WebAsyncManagerIntegrationFilter@165bdf54, org.springframework.security.web.context.SecurityContextPersistenceFilter@4549b178, org.springframework.security.web.header.HeaderWriterFilter@4449707f, org.springframework.web.filter.CorsFilter@755dd6e6, org.springframework.security.web.csrf.CsrfFilter@303559ea, org.springframework.security.web.authentication.logout.LogoutFilter@50683c67, com.datn.doffice.config.security.JwtTokenFilter@14d816dd, org.springframework.security.web.savedrequest.RequestCacheAwareFilter@42108ca2, org.springframework.security.web.servletapi.SecurityContextHolderAwareRequestFilter@4dd5d617, org.springframework.security.web.authentication.AnonymousAuthenticationFilter@39900d63, org.springframework.security.web.session.SessionManagementFilter@5f29597e, org.springframework.security.web.access.ExceptionTranslationFilter@16822b98]
2021-12-13 19:41:31,263 INFO org.springframework.boot.devtools.autoconfigure.OptionalLiveReloadServer [restartedMain] LiveReload server is running on port 35729
2021-12-13 19:41:31,276 INFO org.apache.juli.logging.DirectJDKLog [restartedMain] Starting ProtocolHandler ["http-nio-8091"]
2021-12-13 19:41:31,278 INFO org.springframework.boot.web.embedded.tomcat.TomcatWebServer [restartedMain] Tomcat started on port(s): 8091 (http) with context path ''
2021-12-13 19:41:31,285 INFO org.springframework.boot.StartupInfoLogger [restartedMain] Started DigitalOfficeBackendApplication in 1.839 seconds (JVM running for 9961.27)
2021-12-13 19:41:31,288 INFO org.springframework.boot.devtools.autoconfigure.ConditionEvaluationDeltaLoggingListener [restartedMain] Condition evaluation unchanged
2021-12-13 19:41:36,067 INFO org.springframework.boot.admin.SpringApplicationAdminMXBeanRegistrar$SpringApplicationAdmin [RMI TCP Connection(179)-127.0.0.1] Application shutdown requested.
